Flow report for clarvi_fpga
Tue Nov 28 02:03:51 2017
Quartus Prime Version 16.1.0 Build 196 10/24/2016 SJ Lite Edition


---------------------
; Table of Contents ;
---------------------
  1. Legal Notice
  2. Flow Summary
  3. Flow Settings
  4. Flow Non-Default Global Settings
  5. Flow Elapsed Time
  6. Flow OS Summary
  7. Flow Log
  8. Flow Messages
  9. Flow Suppressed Messages



----------------
; Legal Notice ;
----------------
Copyright (C) 2016  Intel Corporation. All rights reserved.
Your use of Intel Corporation's design tools, logic functions 
and other software and tools, and its AMPP partner logic 
functions, and any output files from any of the foregoing 
(including device programming or simulation files), and any 
associated documentation or information are expressly subject 
to the terms and conditions of the Intel Program License 
Subscription Agreement, the Intel Quartus Prime License Agreement,
the Intel MegaCore Function License Agreement, or other 
applicable license agreement, including, without limitation, 
that your use is for the sole purpose of programming logic 
devices manufactured by Intel and sold by Intel or its 
authorized distributors.  Please refer to the applicable 
agreement for further details.



+-------------------------------------------------------------------------------+
; Flow Summary                                                                  ;
+---------------------------------+---------------------------------------------+
; Flow Status                     ; Successful - Tue Nov 28 02:02:01 2017       ;
; Quartus Prime Version           ; 16.1.0 Build 196 10/24/2016 SJ Lite Edition ;
; Revision Name                   ; clarvi_fpga                                 ;
; Top-level Entity Name           ; clarvi_fpga                                 ;
; Family                          ; Cyclone V                                   ;
; Device                          ; 5CSEMA5F31C6                                ;
; Timing Models                   ; Final                                       ;
; Logic utilization (in ALMs)     ; 2,736 / 32,070 ( 9 % )                      ;
; Total registers                 ; 3370                                        ;
; Total pins                      ; 246 / 457 ( 54 % )                          ;
; Total virtual pins              ; 0                                           ;
; Total block memory bits         ; 2,621,814 / 4,065,280 ( 64 % )              ;
; Total DSP Blocks                ; 2 / 87 ( 2 % )                              ;
; Total HSSI RX PCSs              ; 0                                           ;
; Total HSSI PMA RX Deserializers ; 0                                           ;
; Total HSSI TX PCSs              ; 0                                           ;
; Total HSSI PMA TX Serializers   ; 0                                           ;
; Total PLLs                      ; 1 / 6 ( 17 % )                              ;
; Total DLLs                      ; 0 / 4 ( 0 % )                               ;
+---------------------------------+---------------------------------------------+


+-----------------------------------------+
; Flow Settings                           ;
+-------------------+---------------------+
; Option            ; Setting             ;
+-------------------+---------------------+
; Start date & time ; 11/28/2017 01:48:26 ;
; Main task         ; Compilation         ;
; Revision Name     ; clarvi_fpga         ;
+-------------------+---------------------+


+-----------------------------------------------------------------------------------------------------------------------------------------------+
; Flow Non-Default Global Settings                                                                                                              ;
+-------------------------------------+--------------------------------------------------------------+---------------+-------------+------------+
; Assignment Name                     ; Value                                                        ; Default Value ; Entity Name ; Section Id ;
+-------------------------------------+--------------------------------------------------------------+---------------+-------------+------------+
; COMPILER_SIGNATURE_ID               ; 8796747652916.151183370625197                                ; --            ; --          ; --         ;
; ENABLE_SIGNALTAP                    ; On                                                           ; --            ; --          ; --         ;
; MAX_CORE_JUNCTION_TEMP              ; 85                                                           ; --            ; --          ; --         ;
; MIN_CORE_JUNCTION_TEMP              ; 0                                                            ; --            ; --          ; --         ;
; MISC_FILE                           ; clarvi_soc/synthesis/../clarvi_soc.cmp                       ; --            ; --          ; --         ;
; MISC_FILE                           ; clarvi_soc/synthesis/../../clarvi_soc.qsys                   ; --            ; --          ; --         ;
; MISC_FILE                           ; clarvi_soc/synthesis/submodules/riscv.svh                    ; --            ; --          ; --         ;
; PARTITION_COLOR                     ; -- (Not supported for targeted family)                       ; --            ; --          ; Top        ;
; PARTITION_FITTER_PRESERVATION_LEVEL ; -- (Not supported for targeted family)                       ; --            ; --          ; Top        ;
; PARTITION_NETLIST_TYPE              ; -- (Not supported for targeted family)                       ; --            ; --          ; Top        ;
; POWER_BOARD_THERMAL_MODEL           ; None (CONSERVATIVE)                                          ; --            ; --          ; --         ;
; POWER_PRESET_COOLING_SOLUTION       ; 23 MM HEAT SINK WITH 200 LFPM AIRFLOW                        ; --            ; --          ; --         ;
; PROJECT_OUTPUT_DIRECTORY            ; output_files                                                 ; --            ; --          ; --         ;
; SLD_FILE                            ; clarvi_soc/synthesis/clarvi_soc.regmap                       ; --            ; --          ; --         ;
; SLD_FILE                            ; clarvi_soc/synthesis/clarvi_soc.debuginfo                    ; --            ; --          ; --         ;
; SLD_INFO                            ; QSYS_NAME clarvi_soc HAS_SOPCINFO 1 GENERATION_ID 1511833502 ; --            ; clarvi_soc  ; --         ;
; SOPCINFO_FILE                       ; clarvi_soc/synthesis/../../clarvi_soc.sopcinfo               ; --            ; --          ; --         ;
; SYNTHESIS_ONLY_QIP                  ; On                                                           ; --            ; --          ; --         ;
; USE_SIGNALTAP_FILE                  ; stp1.stp                                                     ; --            ; --          ; --         ;
; VERILOG_INPUT_VERSION               ; SystemVerilog_2005                                           ; Verilog_2001  ; --          ; --         ;
; VERILOG_SHOW_LMF_MAPPING_MESSAGES   ; Off                                                          ; --            ; --          ; --         ;
+-------------------------------------+--------------------------------------------------------------+---------------+-------------+------------+


+-------------------------------------------------------------------------------------------------------------------------------+
; Flow Elapsed Time                                                                                                             ;
+---------------------------+--------------+-------------------------+---------------------+------------------------------------+
; Module Name               ; Elapsed Time ; Average Processors Used ; Peak Virtual Memory ; Total CPU Time (on all processors) ;
+---------------------------+--------------+-------------------------+---------------------+------------------------------------+
; Analysis & Synthesis      ; 00:01:36     ; 1.0                     ; 1083 MB             ; 00:00:43                           ;
; Fitter                    ; 00:11:18     ; 1.0                     ; 2222 MB             ; 00:05:11                           ;
; Assembler                 ; 00:00:26     ; 1.0                     ; 1068 MB             ; 00:00:12                           ;
; TimeQuest Timing Analyzer ; 00:01:47     ; 1.0                     ; 1336 MB             ; 00:00:49                           ;
; Total                     ; 00:15:07     ; --                      ; --                  ; 00:06:55                           ;
+---------------------------+--------------+-------------------------+---------------------+------------------------------------+


+---------------------------------------------------------------------------------------------+
; Flow OS Summary                                                                             ;
+---------------------------+------------------+----------------+------------+----------------+
; Module Name               ; Machine Hostname ; OS Name        ; OS Version ; Processor type ;
+---------------------------+------------------+----------------+------------+----------------+
; Analysis & Synthesis      ; ecad-VirtualBox  ; Ubuntu 16.04.3 ; 16         ; x86_64         ;
; Fitter                    ; ecad-VirtualBox  ; Ubuntu 16.04.3 ; 16         ; x86_64         ;
; Assembler                 ; ecad-VirtualBox  ; Ubuntu 16.04.3 ; 16         ; x86_64         ;
; TimeQuest Timing Analyzer ; ecad-VirtualBox  ; Ubuntu 16.04.3 ; 16         ; x86_64         ;
+---------------------------+------------------+----------------+------------+----------------+


------------
; Flow Log ;
------------
quartus_map --read_settings_files=on --write_settings_files=off clarvi_fpga -c clarvi_fpga
quartus_fit --read_settings_files=off --write_settings_files=off clarvi_fpga -c clarvi_fpga
quartus_asm --read_settings_files=off --write_settings_files=off clarvi_fpga -c clarvi_fpga
quartus_sta clarvi_fpga -c clarvi_fpga



