VirtualBox VM 5.0.40_Ubuntu r115130 linux.amd64 (Apr 20 2017 06:58:05) release log
00:00:00.545650 Log opened 2017-10-31T14:06:33.292035000Z
00:00:00.545652 Build Type: release
00:00:00.545656 OS Product: Linux
00:00:00.545656 OS Release: 4.4.0-97-generic
00:00:00.545657 OS Version: #120-Ubuntu SMP Tue Sep 19 17:28:18 UTC 2017
00:00:00.545676 DMI Product Name: XPS 13 9360
00:00:00.545682 DMI Product Version: 
00:00:00.545733 Host RAM: 7741MB total, 5514MB available
00:00:00.545736 Executable: /usr/lib/virtualbox/VirtualBox
00:00:00.545737 Process ID: 31670
00:00:00.545738 Package type: LINUX_64BITS_GENERIC (OSE)
00:00:00.553944 Installed Extension Packs:
00:00:00.554101   Oracle VM VirtualBox Extension Pack (Version: 5.0.40 r115130; VRDE Module: VBoxVRDP)
00:00:00.554133   VNC (Version: 5.0.40 r115130; VRDE Module: VBoxVNC)
00:00:00.556333 Console: Machine state changed to 'Starting'
00:00:00.556946 Qt version: 4.8.7
00:00:00.566655 GUI: UIMediumEnumerator: Medium-enumeration finished!
00:00:00.567233 Using XKB for keycode to scan code conversion
00:00:00.571078 SUP: Loaded VMMR0.r0 (/usr/lib/virtualbox/VMMR0.r0) at 0xXXXXXXXXXXXXXXXX - ModuleInit at XXXXXXXXXXXXXXXX and ModuleTerm at XXXXXXXXXXXXXXXX
00:00:00.571159 SUP: VMMR0EntryEx located at XXXXXXXXXXXXXXXX and VMMR0EntryFast at XXXXXXXXXXXXXXXX
00:00:00.583829 Guest OS type: 'Ubuntu_64'
00:00:00.605674 fHMForced=true - Lots of RAM
00:00:00.605728 fHMForced=true - 64-bit guest
00:00:00.630036 File system of '/home/oliver/.config/VirtualBox/VBoxGuestAdditions_5.0.40.iso' (DVD) is unknown
00:00:00.631809 File system of '/home/oliver/Documents/Git Reps/Comp-Sci-Course/ECAD/Snapshots' (snapshots) is unknown
00:00:00.631835 File system of '/home/oliver/Documents/Git Reps/Comp-Sci-Course/ECAD/ECAD-Labs.vmdk' is unknown
00:00:00.646257 Shared clipboard service loaded
00:00:00.646281 Shared clipboard mode: Bidirectional
00:00:00.647481 Drag and drop service loaded
00:00:00.647498 Drag and drop mode: Off
00:00:00.649021 Guest Control service loaded
00:00:00.650464 ************************* CFGM dump *************************
00:00:00.650466 [/] (level 0)
00:00:00.650682   CSAMEnabled       <integer> = 0x0000000000000001 (1)
00:00:00.650684   CpuExecutionCap   <integer> = 0x0000000000000064 (100)
00:00:00.650685   EnablePAE         <integer> = 0x0000000000000000 (0)
00:00:00.650686   HMEnabled         <integer> = 0x0000000000000001 (1)
00:00:00.650686   MemBalloonSize    <integer> = 0x0000000000000000 (0)
00:00:00.650687   Name              <string>  = "ECAD-Labs" (cb=10)
00:00:00.650688   NumCPUs           <integer> = 0x0000000000000001 (1)
00:00:00.650689   PATMEnabled       <integer> = 0x0000000000000001 (1)
00:00:00.650690   PageFusionAllowed <integer> = 0x0000000000000000 (0)
00:00:00.650690   RamHoleSize       <integer> = 0x0000000020000000 (536 870 912, 512 MB)
00:00:00.650692   RamSize           <integer> = 0x000000017d900000 (6 401 556 480, 5 GB)
00:00:00.650693   RawR0Enabled      <integer> = 0x0000000000000001 (1)
00:00:00.650694   RawR3Enabled      <integer> = 0x0000000000000001 (1)
00:00:00.650695   TimerMillies      <integer> = 0x000000000000000a (10)
00:00:00.650695   UUID              <bytes>   = "63 96 fb 7a ad 15 25 47 80 b3 24 8a 22 8c ff 45" (cb=16)
00:00:00.650698 
00:00:00.650699 [/CPUM/] (level 1)
00:00:00.650700   PortableCpuIdLevel <integer> = 0x0000000000000000 (0)
00:00:00.650700 
00:00:00.650701 [/DBGF/] (level 1)
00:00:00.650702   Path <string>  = "/home/oliver/Documents/Git Reps/Comp-Sci-Course/ECAD/debug/;/home/oliver/Documents/Git Reps/Comp-Sci-Course/ECAD/;/home/oliver/" (cb=128)
00:00:00.650703 
00:00:00.650703 [/Devices/] (level 1)
00:00:00.650704 
00:00:00.650704 [/Devices/8237A/] (level 2)
00:00:00.650705 
00:00:00.650705 [/Devices/8237A/0/] (level 3)
00:00:00.650706   Trusted <integer> = 0x0000000000000001 (1)
00:00:00.650707 
00:00:00.650707 [/Devices/GIMDev/] (level 2)
00:00:00.650708 
00:00:00.650708 [/Devices/GIMDev/0/] (level 3)
00:00:00.650709   Trusted <integer> = 0x0000000000000001 (1)
00:00:00.650710 
00:00:00.650710 [/Devices/VMMDev/] (level 2)
00:00:00.650711 
00:00:00.650711 [/Devices/VMMDev/0/] (level 3)
00:00:00.650712   PCIBusNo      <integer> = 0x0000000000000000 (0)
00:00:00.650713   PCIDeviceNo   <integer> = 0x0000000000000004 (4)
00:00:00.650713   PCIFunctionNo <integer> = 0x0000000000000000 (0)
00:00:00.650714   Trusted       <integer> = 0x0000000000000001 (1)
00:00:00.650715 
00:00:00.650715 [/Devices/VMMDev/0/Config/] (level 4)
00:00:00.650716   GuestCoreDumpDir <string>  = "/home/oliver/Documents/Git Reps/Comp-Sci-Course/ECAD/Snapshots" (cb=63)
00:00:00.650717   RamSize          <integer> = 0x000000017d900000 (6 401 556 480, 5 GB)
00:00:00.650718 
00:00:00.650718 [/Devices/VMMDev/0/LUN#0/] (level 4)
00:00:00.650719   Driver <string>  = "HGCM" (cb=5)
00:00:00.650720 
00:00:00.650720 [/Devices/VMMDev/0/LUN#0/Config/] (level 5)
00:00:00.650721   Object <integer> = 0x00007f4ae0000910 (139 959 562 406 160)
00:00:00.650723 
00:00:00.650723 [/Devices/VMMDev/0/LUN#999/] (level 4)
00:00:00.650724   Driver <string>  = "MainStatus" (cb=11)
00:00:00.650725 
00:00:00.650725 [/Devices/VMMDev/0/LUN#999/Config/] (level 5)
00:00:00.650726   First   <integer> = 0x0000000000000000 (0)
00:00:00.650727   Last    <integer> = 0x0000000000000000 (0)
00:00:00.650727   papLeds <integer> = 0x00007f4afc0017e8 (139 960 032 172 008)
00:00:00.650729 
00:00:00.650729 [/Devices/acpi/] (level 2)
00:00:00.650730 
00:00:00.650730 [/Devices/acpi/0/] (level 3)
00:00:00.650731   PCIBusNo      <integer> = 0x0000000000000000 (0)
00:00:00.650732   PCIDeviceNo   <integer> = 0x0000000000000007 (7)
00:00:00.650732   PCIFunctionNo <integer> = 0x0000000000000000 (0)
00:00:00.650733   Trusted       <integer> = 0x0000000000000001 (1)
00:00:00.650733 
00:00:00.650734 [/Devices/acpi/0/Config/] (level 4)
00:00:00.650735   CpuHotPlug          <integer> = 0x0000000000000000 (0)
00:00:00.650735   FdcEnabled          <integer> = 0x0000000000000000 (0)
00:00:00.650736   HostBusPciAddress   <integer> = 0x0000000000000000 (0)
00:00:00.650737   HpetEnabled         <integer> = 0x0000000000000000 (0)
00:00:00.650737   IOAPIC              <integer> = 0x0000000000000001 (1)
00:00:00.650738   IocPciAddress       <integer> = 0x0000000000010000 (65 536)
00:00:00.650739   NumCPUs             <integer> = 0x0000000000000001 (1)
00:00:00.650740   Parallel0IoPortBase <integer> = 0x0000000000000000 (0)
00:00:00.650741   Parallel0Irq        <integer> = 0x0000000000000000 (0)
00:00:00.650741   Parallel1IoPortBase <integer> = 0x0000000000000000 (0)
00:00:00.650742   Parallel1Irq        <integer> = 0x0000000000000000 (0)
00:00:00.650742   RamHoleSize         <integer> = 0x0000000020000000 (536 870 912, 512 MB)
00:00:00.650744   RamSize             <integer> = 0x000000017d900000 (6 401 556 480, 5 GB)
00:00:00.650745   Serial0IoPortBase   <integer> = 0x0000000000000000 (0)
00:00:00.650746   Serial0Irq          <integer> = 0x0000000000000000 (0)
00:00:00.650746   Serial1IoPortBase   <integer> = 0x0000000000000000 (0)
00:00:00.650747   Serial1Irq          <integer> = 0x0000000000000000 (0)
00:00:00.650748   ShowCpu             <integer> = 0x0000000000000001 (1)
00:00:00.650748   ShowRtc             <integer> = 0x0000000000000000 (0)
00:00:00.650749   SmcEnabled          <integer> = 0x0000000000000000 (0)
00:00:00.650750 
00:00:00.650750 [/Devices/acpi/0/LUN#0/] (level 4)
00:00:00.650751   Driver <string>  = "ACPIHost" (cb=9)
00:00:00.650752 
00:00:00.650752 [/Devices/acpi/0/LUN#0/Config/] (level 5)
00:00:00.650753 
00:00:00.650753 [/Devices/ahci/] (level 2)
00:00:00.650754 
00:00:00.650754 [/Devices/ahci/0/] (level 3)
00:00:00.650755   PCIBusNo      <integer> = 0x0000000000000000 (0)
00:00:00.650756   PCIDeviceNo   <integer> = 0x000000000000000d (13)
00:00:00.650757   PCIFunctionNo <integer> = 0x0000000000000000 (0)
00:00:00.650757   Trusted       <integer> = 0x0000000000000001 (1)
00:00:00.650758 
00:00:00.650758 [/Devices/ahci/0/Config/] (level 4)
00:00:00.650759   Bootable  <integer> = 0x0000000000000001 (1)
00:00:00.650760   PortCount <integer> = 0x0000000000000002 (2)
00:00:00.650760 
00:00:00.650761 [/Devices/ahci/0/Config/Port0/] (level 5)
00:00:00.650762   Hotpluggable        <integer> = 0x0000000000000000 (0)
00:00:00.650762   NonRotationalMedium <integer> = 0x0000000000000000 (0)
00:00:00.650763 
00:00:00.650763 [/Devices/ahci/0/Config/Port1/] (level 5)
00:00:00.650765   Hotpluggable        <integer> = 0x0000000000000000 (0)
00:00:00.650765   NonRotationalMedium <integer> = 0x0000000000000000 (0)
00:00:00.650766 
00:00:00.650766 [/Devices/ahci/0/LUN#0/] (level 4)
00:00:00.650767   Driver <string>  = "Block" (cb=6)
00:00:00.650768 
00:00:00.650768 [/Devices/ahci/0/LUN#0/AttachedDriver/] (level 5)
00:00:00.650769   Driver <string>  = "VD" (cb=3)
00:00:00.650770 
00:00:00.650770 [/Devices/ahci/0/LUN#0/AttachedDriver/Config/] (level 6)
00:00:00.650771   Format   <string>  = "RAW" (cb=4)
00:00:00.650772   Path     <string>  = "/home/oliver/.config/VirtualBox/VBoxGuestAdditions_5.0.40.iso" (cb=62)
00:00:00.650772   ReadOnly <integer> = 0x0000000000000001 (1)
00:00:00.650773   Type     <string>  = "DVD" (cb=4)
00:00:00.650774   UseNewIo <integer> = 0x0000000000000001 (1)
00:00:00.650774 
00:00:00.650775 [/Devices/ahci/0/LUN#0/AttachedDriver/Config/Plugins/] (level 7)
00:00:00.650776 
00:00:00.650776 [/Devices/ahci/0/LUN#0/AttachedDriver/Config/Plugins/VDPluginCrypt/] (level 8)
00:00:00.650777   Path <string>  = "/usr/lib/virtualbox/ExtensionPacks/Oracle_VM_VirtualBox_Extension_Pack/linux.amd64/VDPluginCrypt.so" (cb=100)
00:00:00.650778 
00:00:00.650779 [/Devices/ahci/0/LUN#0/Config/] (level 5)
00:00:00.650780   Mountable <integer> = 0x0000000000000001 (1)
00:00:00.650780   Type      <string>  = "DVD" (cb=4)
00:00:00.650781 
00:00:00.650781 [/Devices/ahci/0/LUN#1/] (level 4)
00:00:00.650782   Driver <string>  = "Block" (cb=6)
00:00:00.650783 
00:00:00.650783 [/Devices/ahci/0/LUN#1/AttachedDriver/] (level 5)
00:00:00.650784   Driver <string>  = "VD" (cb=3)
00:00:00.650785 
00:00:00.650785 [/Devices/ahci/0/LUN#1/AttachedDriver/Config/] (level 6)
00:00:00.650786   BlockCache <integer> = 0x0000000000000001 (1)
00:00:00.650787   Format     <string>  = "VMDK" (cb=5)
00:00:00.650788   Path       <string>  = "/home/oliver/Documents/Git Reps/Comp-Sci-Course/ECAD/ECAD-Labs.vmdk" (cb=68)
00:00:00.650788   Type       <string>  = "HardDisk" (cb=9)
00:00:00.650789   UseNewIo   <integer> = 0x0000000000000001 (1)
00:00:00.650790 
00:00:00.650790 [/Devices/ahci/0/LUN#1/AttachedDriver/Config/Plugins/] (level 7)
00:00:00.650791 
00:00:00.650791 [/Devices/ahci/0/LUN#1/AttachedDriver/Config/Plugins/VDPluginCrypt/] (level 8)
00:00:00.650793   Path <string>  = "/usr/lib/virtualbox/ExtensionPacks/Oracle_VM_VirtualBox_Extension_Pack/linux.amd64/VDPluginCrypt.so" (cb=100)
00:00:00.650793 
00:00:00.650794 [/Devices/ahci/0/LUN#1/Config/] (level 5)
00:00:00.650795   Mountable <integer> = 0x0000000000000000 (0)
00:00:00.650795   Type      <string>  = "HardDisk" (cb=9)
00:00:00.650796 
00:00:00.650796 [/Devices/ahci/0/LUN#999/] (level 4)
00:00:00.650797   Driver <string>  = "MainStatus" (cb=11)
00:00:00.650798 
00:00:00.650798 [/Devices/ahci/0/LUN#999/Config/] (level 5)
00:00:00.650799   DeviceInstance        <string>  = "ahci/0" (cb=7)
00:00:00.650800   First                 <integer> = 0x0000000000000000 (0)
00:00:00.650801   Last                  <integer> = 0x0000000000000001 (1)
00:00:00.650801   pConsole              <integer> = 0x00007f4afc001180 (139 960 032 170 368)
00:00:00.650803   papLeds               <integer> = 0x00007f4afc0014d8 (139 960 032 171 224)
00:00:00.650804   pmapMediumAttachments <integer> = 0x00007f4afc001808 (139 960 032 172 040)
00:00:00.650805 
00:00:00.650805 [/Devices/apic/] (level 2)
00:00:00.650806 
00:00:00.650806 [/Devices/apic/0/] (level 3)
00:00:00.650807   Trusted <integer> = 0x0000000000000001 (1)
00:00:00.650808 
00:00:00.650808 [/Devices/apic/0/Config/] (level 4)
00:00:00.650809   IOAPIC  <integer> = 0x0000000000000001 (1)
00:00:00.650810   NumCPUs <integer> = 0x0000000000000001 (1)
00:00:00.650810 
00:00:00.650811 [/Devices/e1000/] (level 2)
00:00:00.650811 
00:00:00.650812 [/Devices/e1000/0/] (level 3)
00:00:00.650813   PCIBusNo      <integer> = 0x0000000000000000 (0)
00:00:00.650813   PCIDeviceNo   <integer> = 0x0000000000000003 (3)
00:00:00.650814   PCIFunctionNo <integer> = 0x0000000000000000 (0)
00:00:00.650815   Trusted       <integer> = 0x0000000000000001 (1)
00:00:00.650815 
00:00:00.650816 [/Devices/e1000/0/Config/] (level 4)
00:00:00.650817   AdapterType    <integer> = 0x0000000000000000 (0)
00:00:00.650817   CableConnected <integer> = 0x0000000000000001 (1)
00:00:00.650818   LineSpeed      <integer> = 0x0000000000000000 (0)
00:00:00.650818   MAC            <bytes>   = "08 00 27 04 df 34" (cb=6)
00:00:00.650820 
00:00:00.650820 [/Devices/e1000/0/LUN#0/] (level 4)
00:00:00.650821   Driver <string>  = "NAT" (cb=4)
00:00:00.650822 
00:00:00.650822 [/Devices/e1000/0/LUN#0/Config/] (level 5)
00:00:00.650823   AliasMode       <integer> = 0x0000000000000000 (0)
00:00:00.650824   BootFile        <string>  = "ECAD-Labs.pxe" (cb=14)
00:00:00.650825   DNSProxy        <integer> = 0x0000000000000000 (0)
00:00:00.650825   Network         <string>  = "10.0.2.0/24" (cb=12)
00:00:00.650826   PassDomain      <integer> = 0x0000000000000001 (1)
00:00:00.650826   TFTPPrefix      <string>  = "/home/oliver/.config/VirtualBox/TFTP" (cb=37)
00:00:00.650827   UseHostResolver <integer> = 0x0000000000000000 (0)
00:00:00.650828 
00:00:00.650828 [/Devices/e1000/0/LUN#999/] (level 4)
00:00:00.650829   Driver <string>  = "MainStatus" (cb=11)
00:00:00.650830 
00:00:00.650830 [/Devices/e1000/0/LUN#999/Config/] (level 5)
00:00:00.650831   First   <integer> = 0x0000000000000000 (0)
00:00:00.650832   Last    <integer> = 0x0000000000000000 (0)
00:00:00.650832   papLeds <integer> = 0x00007f4afc0016c8 (139 960 032 171 720)
00:00:00.650833 
00:00:00.650834 [/Devices/i8254/] (level 2)
00:00:00.650834 
00:00:00.650835 [/Devices/i8254/0/] (level 3)
00:00:00.650836 
00:00:00.650836 [/Devices/i8254/0/Config/] (level 4)
00:00:00.650837 
00:00:00.650837 [/Devices/i8259/] (level 2)
00:00:00.650838 
00:00:00.650838 [/Devices/i8259/0/] (level 3)
00:00:00.650839   Trusted <integer> = 0x0000000000000001 (1)
00:00:00.650840 
00:00:00.650840 [/Devices/i8259/0/Config/] (level 4)
00:00:00.650841 
00:00:00.650841 [/Devices/ichac97/] (level 2)
00:00:00.650842 
00:00:00.650842 [/Devices/ichac97/0/] (level 3)
00:00:00.650843   PCIBusNo      <integer> = 0x0000000000000000 (0)
00:00:00.650844   PCIDeviceNo   <integer> = 0x0000000000000005 (5)
00:00:00.650844   PCIFunctionNo <integer> = 0x0000000000000000 (0)
00:00:00.650845   Trusted       <integer> = 0x0000000000000001 (1)
00:00:00.650846 
00:00:00.650846 [/Devices/ichac97/0/AudioConfig/] (level 4)
00:00:00.650847 
00:00:00.650847 [/Devices/ichac97/0/Config/] (level 4)
00:00:00.650848   Codec <string>  = "AD1980" (cb=7)
00:00:00.650849 
00:00:00.650849 [/Devices/ichac97/0/LUN#0/] (level 4)
00:00:00.650850   Driver <string>  = "AUDIO" (cb=6)
00:00:00.650850 
00:00:00.650851 [/Devices/ichac97/0/LUN#0/AttachedDriver/] (level 5)
00:00:00.650852   Driver <string>  = "PulseAudio" (cb=11)
00:00:00.650852 
00:00:00.650853 [/Devices/ichac97/0/LUN#0/AttachedDriver/Config/] (level 6)
00:00:00.650854   StreamName <string>  = "ECAD-Labs" (cb=10)
00:00:00.650854 
00:00:00.650855 [/Devices/ichac97/0/LUN#0/Config/] (level 5)
00:00:00.650856 
00:00:00.650856 [/Devices/ichac97/0/LUN#1/] (level 4)
00:00:00.650857   Driver <string>  = "AUDIO" (cb=6)
00:00:00.650857 
00:00:00.650858 [/Devices/ichac97/0/LUN#1/AttachedDriver/] (level 5)
00:00:00.650859   Driver <string>  = "AudioVRDE" (cb=10)
00:00:00.650859 
00:00:00.650859 [/Devices/ichac97/0/LUN#1/AttachedDriver/Config/] (level 6)
00:00:00.650861   AudioDriver      <string>  = "AudioVRDE" (cb=10)
00:00:00.650861   Object           <integer> = 0x00007f4afc0086c0 (139 960 032 200 384)
00:00:00.650862   ObjectVRDPServer <integer> = 0x00007f4afc008d00 (139 960 032 201 984)
00:00:00.650864   StreamName       <string>  = "ECAD-Labs" (cb=10)
00:00:00.650864 
00:00:00.650864 [/Devices/ioapic/] (level 2)
00:00:00.650865 
00:00:00.650866 [/Devices/ioapic/0/] (level 3)
00:00:00.650866   Trusted <integer> = 0x0000000000000001 (1)
00:00:00.650867 
00:00:00.650867 [/Devices/ioapic/0/Config/] (level 4)
00:00:00.650868   NumCPUs <integer> = 0x0000000000000001 (1)
00:00:00.650869 
00:00:00.650869 [/Devices/mc146818/] (level 2)
00:00:00.650870 
00:00:00.650870 [/Devices/mc146818/0/] (level 3)
00:00:00.650871 
00:00:00.650871 [/Devices/mc146818/0/Config/] (level 4)
00:00:00.650872   UseUTC <integer> = 0x0000000000000001 (1)
00:00:00.650873 
00:00:00.650873 [/Devices/parallel/] (level 2)
00:00:00.650874 
00:00:00.650874 [/Devices/pcarch/] (level 2)
00:00:00.650875 
00:00:00.650875 [/Devices/pcarch/0/] (level 3)
00:00:00.650876   Trusted <integer> = 0x0000000000000001 (1)
00:00:00.650877 
00:00:00.650877 [/Devices/pcarch/0/Config/] (level 4)
00:00:00.650878 
00:00:00.650878 [/Devices/pcbios/] (level 2)
00:00:00.650879 
00:00:00.650879 [/Devices/pcbios/0/] (level 3)
00:00:00.650880   Trusted <integer> = 0x0000000000000001 (1)
00:00:00.650881 
00:00:00.650881 [/Devices/pcbios/0/Config/] (level 4)
00:00:00.650882   BootDevice0        <string>  = "FLOPPY" (cb=7)
00:00:00.650883   BootDevice1        <string>  = "DVD" (cb=4)
00:00:00.650884   BootDevice2        <string>  = "IDE" (cb=4)
00:00:00.650884   BootDevice3        <string>  = "NONE" (cb=5)
00:00:00.650885   FloppyDevice       <string>  = "i82078" (cb=7)
00:00:00.650885   HardDiskDevice     <string>  = "piix3ide" (cb=9)
00:00:00.650886   IOAPIC             <integer> = 0x0000000000000001 (1)
00:00:00.650887   LanBootRom         <string>  = "/usr/lib/virtualbox/ExtensionPacks/Oracle_VM_VirtualBox_Extension_Pack/PXE-Intel.rom" (cb=85)
00:00:00.650887   McfgBase           <integer> = 0x0000000000000000 (0)
00:00:00.650888   McfgLength         <integer> = 0x0000000000000000 (0)
00:00:00.650889   NumCPUs            <integer> = 0x0000000000000001 (1)
00:00:00.650890   PXEDebug           <integer> = 0x0000000000000000 (0)
00:00:00.650890   RamHoleSize        <integer> = 0x0000000020000000 (536 870 912, 512 MB)
00:00:00.650891   RamSize            <integer> = 0x000000017d900000 (6 401 556 480, 5 GB)
00:00:00.650893   SataHardDiskDevice <string>  = "ahci" (cb=5)
00:00:00.650893   SataLUN1           <integer> = 0x0000000000000001 (1)
00:00:00.650894   UUID               <bytes>   = "63 96 fb 7a ad 15 25 47 80 b3 24 8a 22 8c ff 45" (cb=16)
00:00:00.650896 
00:00:00.650896 [/Devices/pcbios/0/Config/NetBoot/] (level 5)
00:00:00.650897 
00:00:00.650898 [/Devices/pcbios/0/Config/NetBoot/0/] (level 6)
00:00:00.650899   NIC           <integer> = 0x0000000000000000 (0)
00:00:00.650900   PCIBusNo      <integer> = 0x0000000000000000 (0)
00:00:00.650900   PCIDeviceNo   <integer> = 0x0000000000000003 (3)
00:00:00.650901   PCIFunctionNo <integer> = 0x0000000000000000 (0)
00:00:00.650902 
00:00:00.650902 [/Devices/pci/] (level 2)
00:00:00.650903 
00:00:00.650903 [/Devices/pci/0/] (level 3)
00:00:00.650904   Trusted <integer> = 0x0000000000000001 (1)
00:00:00.650904 
00:00:00.650905 [/Devices/pci/0/Config/] (level 4)
00:00:00.650906   IOAPIC <integer> = 0x0000000000000001 (1)
00:00:00.650906 
00:00:00.650907 [/Devices/pckbd/] (level 2)
00:00:00.650907 
00:00:00.650908 [/Devices/pckbd/0/] (level 3)
00:00:00.650908   Trusted <integer> = 0x0000000000000001 (1)
00:00:00.650909 
00:00:00.650909 [/Devices/pckbd/0/Config/] (level 4)
00:00:00.650910 
00:00:00.650911 [/Devices/pckbd/0/LUN#0/] (level 4)
00:00:00.650911   Driver <string>  = "KeyboardQueue" (cb=14)
00:00:00.650912 
00:00:00.650912 [/Devices/pckbd/0/LUN#0/AttachedDriver/] (level 5)
00:00:00.650913   Driver <string>  = "MainKeyboard" (cb=13)
00:00:00.650914 
00:00:00.650914 [/Devices/pckbd/0/LUN#0/AttachedDriver/Config/] (level 6)
00:00:00.650915   Object <integer> = 0x00007f4afc0038e0 (139 960 032 180 448)
00:00:00.650916 
00:00:00.650917 [/Devices/pckbd/0/LUN#0/Config/] (level 5)
00:00:00.650918   QueueSize <integer> = 0x0000000000000040 (64)
00:00:00.650918 
00:00:00.650919 [/Devices/pckbd/0/LUN#1/] (level 4)
00:00:00.650920   Driver <string>  = "MouseQueue" (cb=11)
00:00:00.650920 
00:00:00.650920 [/Devices/pckbd/0/LUN#1/AttachedDriver/] (level 5)
00:00:00.650921   Driver <string>  = "MainMouse" (cb=10)
00:00:00.650922 
00:00:00.650922 [/Devices/pckbd/0/LUN#1/AttachedDriver/Config/] (level 6)
00:00:00.650923   Object <integer> = 0x00007f4afc002980 (139 960 032 176 512)
00:00:00.650924 
00:00:00.650925 [/Devices/pckbd/0/LUN#1/Config/] (level 5)
00:00:00.650926   QueueSize <integer> = 0x0000000000000080 (128)
00:00:00.650926 
00:00:00.650927 [/Devices/pcnet/] (level 2)
00:00:00.650928 
00:00:00.650928 [/Devices/piix3ide/] (level 2)
00:00:00.650929 
00:00:00.650929 [/Devices/piix3ide/0/] (level 3)
00:00:00.650930   PCIBusNo      <integer> = 0x0000000000000000 (0)
00:00:00.650930   PCIDeviceNo   <integer> = 0x0000000000000001 (1)
00:00:00.650931   PCIFunctionNo <integer> = 0x0000000000000001 (1)
00:00:00.650932   Trusted       <integer> = 0x0000000000000001 (1)
00:00:00.650932 
00:00:00.650933 [/Devices/piix3ide/0/Config/] (level 4)
00:00:00.650934   Type <string>  = "PIIX4" (cb=6)
00:00:00.650934 
00:00:00.650934 [/Devices/piix3ide/0/LUN#999/] (level 4)
00:00:00.650935   Driver <string>  = "MainStatus" (cb=11)
00:00:00.650936 
00:00:00.650936 [/Devices/piix3ide/0/LUN#999/Config/] (level 5)
00:00:00.650937   DeviceInstance        <string>  = "piix3ide/0" (cb=11)
00:00:00.650938   First                 <integer> = 0x0000000000000000 (0)
00:00:00.650939   Last                  <integer> = 0x0000000000000003 (3)
00:00:00.650940   pConsole              <integer> = 0x00007f4afc001180 (139 960 032 170 368)
00:00:00.650941   papLeds               <integer> = 0x00007f4afc0014b8 (139 960 032 171 192)
00:00:00.650942   pmapMediumAttachments <integer> = 0x00007f4afc001808 (139 960 032 172 040)
00:00:00.650943 
00:00:00.650943 [/Devices/serial/] (level 2)
00:00:00.650944 
00:00:00.650945 [/Devices/usb-ehci/] (level 2)
00:00:00.650945 
00:00:00.650946 [/Devices/usb-ehci/0/] (level 3)
00:00:00.650947   PCIBusNo      <integer> = 0x0000000000000000 (0)
00:00:00.650947   PCIDeviceNo   <integer> = 0x000000000000000b (11)
00:00:00.650948   PCIFunctionNo <integer> = 0x0000000000000000 (0)
00:00:00.650949   Trusted       <integer> = 0x0000000000000001 (1)
00:00:00.650949 
00:00:00.650949 [/Devices/usb-ehci/0/Config/] (level 4)
00:00:00.650950 
00:00:00.650951 [/Devices/usb-ehci/0/LUN#0/] (level 4)
00:00:00.650952   Driver <string>  = "VUSBRootHub" (cb=12)
00:00:00.650952 
00:00:00.650952 [/Devices/usb-ehci/0/LUN#0/Config/] (level 5)
00:00:00.650953 
00:00:00.650954 [/Devices/usb-ehci/0/LUN#999/] (level 4)
00:00:00.650955   Driver <string>  = "MainStatus" (cb=11)
00:00:00.650955 
00:00:00.650956 [/Devices/usb-ehci/0/LUN#999/Config/] (level 5)
00:00:00.650957   First   <integer> = 0x0000000000000000 (0)
00:00:00.650957   Last    <integer> = 0x0000000000000000 (0)
00:00:00.650958   papLeds <integer> = 0x00007f4afc0017f8 (139 960 032 172 024)
00:00:00.650959 
00:00:00.650959 [/Devices/usb-ohci/] (level 2)
00:00:00.650960 
00:00:00.650960 [/Devices/usb-ohci/0/] (level 3)
00:00:00.650961   PCIBusNo      <integer> = 0x0000000000000000 (0)
00:00:00.650962   PCIDeviceNo   <integer> = 0x0000000000000006 (6)
00:00:00.650962   PCIFunctionNo <integer> = 0x0000000000000000 (0)
00:00:00.650963   Trusted       <integer> = 0x0000000000000001 (1)
00:00:00.650964 
00:00:00.650964 [/Devices/usb-ohci/0/Config/] (level 4)
00:00:00.650965 
00:00:00.650965 [/Devices/usb-ohci/0/LUN#0/] (level 4)
00:00:00.650966   Driver <string>  = "VUSBRootHub" (cb=12)
00:00:00.650967 
00:00:00.650967 [/Devices/usb-ohci/0/LUN#0/Config/] (level 5)
00:00:00.650968 
00:00:00.650968 [/Devices/usb-ohci/0/LUN#999/] (level 4)
00:00:00.650969   Driver <string>  = "MainStatus" (cb=11)
00:00:00.650970 
00:00:00.650970 [/Devices/usb-ohci/0/LUN#999/Config/] (level 5)
00:00:00.650971   First   <integer> = 0x0000000000000000 (0)
00:00:00.650972   Last    <integer> = 0x0000000000000000 (0)
00:00:00.650972   papLeds <integer> = 0x00007f4afc0017f0 (139 960 032 172 016)
00:00:00.650973 
00:00:00.650974 [/Devices/vga/] (level 2)
00:00:00.650974 
00:00:00.650975 [/Devices/vga/0/] (level 3)
00:00:00.650976   PCIBusNo      <integer> = 0x0000000000000000 (0)
00:00:00.650976   PCIDeviceNo   <integer> = 0x0000000000000002 (2)
00:00:00.650977   PCIFunctionNo <integer> = 0x0000000000000000 (0)
00:00:00.650977   Trusted       <integer> = 0x0000000000000001 (1)
00:00:00.650978 
00:00:00.650978 [/Devices/vga/0/Config/] (level 4)
00:00:00.650980   CustomVideoModes <integer> = 0x0000000000000000 (0)
00:00:00.650980   FadeIn           <integer> = 0x0000000000000001 (1)
00:00:00.650981   FadeOut          <integer> = 0x0000000000000001 (1)
00:00:00.650982   HeightReduction  <integer> = 0x0000000000000000 (0)
00:00:00.650982   LogoFile         <string>  = "" (cb=1)
00:00:00.650983   LogoTime         <integer> = 0x0000000000000000 (0)
00:00:00.650984   MonitorCount     <integer> = 0x0000000000000001 (1)
00:00:00.650984   ShowBootMenu     <integer> = 0x0000000000000002 (2)
00:00:00.650985   VRamSize         <integer> = 0x0000000003200000 (52 428 800, 50 MB)
00:00:00.650986 
00:00:00.650987 [/Devices/vga/0/LUN#0/] (level 4)
00:00:00.650987   Driver <string>  = "MainDisplay" (cb=12)
00:00:00.650988 
00:00:00.650988 [/Devices/vga/0/LUN#0/Config/] (level 5)
00:00:00.650989   Object <integer> = 0x00007f4afc004bb0 (139 960 032 185 264)
00:00:00.650990 
00:00:00.650991 [/Devices/vga/0/LUN#999/] (level 4)
00:00:00.650992   Driver <string>  = "MainStatus" (cb=11)
00:00:00.650992 
00:00:00.650993 [/Devices/vga/0/LUN#999/Config/] (level 5)
00:00:00.650994   First   <integer> = 0x0000000000000000 (0)
00:00:00.650994   Last    <integer> = 0x0000000000000000 (0)
00:00:00.650995   papLeds <integer> = 0x00007f4afc001800 (139 960 032 172 032)
00:00:00.650996 
00:00:00.650996 [/Devices/virtio-net/] (level 2)
00:00:00.650997 
00:00:00.650997 [/EM/] (level 1)
00:00:00.650998   TripleFaultReset <integer> = 0x0000000000000000 (0)
00:00:00.650999 
00:00:00.650999 [/GIM/] (level 1)
00:00:00.651000   Provider <string>  = "KVM" (cb=4)
00:00:00.651000 
00:00:00.651001 [/HM/] (level 1)
00:00:00.651002   64bitEnabled       <integer> = 0x0000000000000001 (1)
00:00:00.651002   EnableLargePages   <integer> = 0x0000000000000000 (0)
00:00:00.651003   EnableNestedPaging <integer> = 0x0000000000000001 (1)
00:00:00.651003   EnableUX           <integer> = 0x0000000000000001 (1)
00:00:00.651004   EnableVPID         <integer> = 0x0000000000000001 (1)
00:00:00.651005   Exclusive          <integer> = 0x0000000000000001 (1)
00:00:00.651006   HMForced           <integer> = 0x0000000000000001 (1)
00:00:00.651006 
00:00:00.651007 [/MM/] (level 1)
00:00:00.651007   CanUseLargerHeap <integer> = 0x0000000000000000 (0)
00:00:00.651008 
00:00:00.651008 [/PDM/] (level 1)
00:00:00.651009 
00:00:00.651009 [/PDM/AsyncCompletion/] (level 2)
00:00:00.651010 
00:00:00.651010 [/PDM/AsyncCompletion/File/] (level 3)
00:00:00.651011 
00:00:00.651011 [/PDM/AsyncCompletion/File/BwGroups/] (level 4)
00:00:00.651012 
00:00:00.651013 [/PDM/BlkCache/] (level 2)
00:00:00.651013   CacheSize <integer> = 0x0000000000500000 (5 242 880, 5 MB)
00:00:00.651015 
00:00:00.651015 [/PDM/Devices/] (level 2)
00:00:00.651016 
00:00:00.651016 [/PDM/Devices/VBoxEhci/] (level 3)
00:00:00.651017   Path         <string>  = "/usr/lib/virtualbox/ExtensionPacks/Oracle_VM_VirtualBox_Extension_Pack/linux.amd64/VBoxEhciR3.so" (cb=97)
00:00:00.651017   R0SearchPath <string>  = "/usr/lib/virtualbox/ExtensionPacks/Oracle_VM_VirtualBox_Extension_Pack/linux.amd64" (cb=83)
00:00:00.651018   RCSearchPath <string>  = "/usr/lib/virtualbox/ExtensionPacks/Oracle_VM_VirtualBox_Extension_Pack/linux.amd64" (cb=83)
00:00:00.651019 
00:00:00.651019 [/PDM/Devices/VBoxPciRaw/] (level 3)
00:00:00.651020   Path         <string>  = "/usr/lib/virtualbox/ExtensionPacks/Oracle_VM_VirtualBox_Extension_Pack/linux.amd64/VBoxPciRawR3.so" (cb=99)
00:00:00.651021   R0SearchPath <string>  = "/usr/lib/virtualbox/ExtensionPacks/Oracle_VM_VirtualBox_Extension_Pack/linux.amd64" (cb=83)
00:00:00.651021 
00:00:00.651022 [/PDM/Drivers/] (level 2)
00:00:00.651022 
00:00:00.651023 [/PDM/Drivers/DrvHostWebcam/] (level 3)
00:00:00.651023   Path <string>  = "/usr/lib/virtualbox/ExtensionPacks/Oracle_VM_VirtualBox_Extension_Pack/linux.amd64/VBoxHostWebcam.so" (cb=101)
00:00:00.651024 
00:00:00.651024 [/PDM/Drivers/VBoxC/] (level 3)
00:00:00.651025   Path <string>  = "/usr/lib/virtualbox/components/VBoxC" (cb=37)
00:00:00.651026 
00:00:00.651026 [/PDM/Drivers/VBoxPciRawDrv/] (level 3)
00:00:00.651027   Path <string>  = "/usr/lib/virtualbox/ExtensionPacks/Oracle_VM_VirtualBox_Extension_Pack/linux.amd64/VBoxPciRawDrv.so" (cb=100)
00:00:00.651028 
00:00:00.651028 [/PDM/NetworkShaper/] (level 2)
00:00:00.651029 
00:00:00.651029 [/PDM/NetworkShaper/BwGroups/] (level 3)
00:00:00.651030 
00:00:00.651030 [/PDM/USB/] (level 2)
00:00:00.651031 
00:00:00.651031 [/PDM/USB/VBoxUsbCardReader/] (level 3)
00:00:00.651032   Path <string>  = "/usr/lib/virtualbox/ExtensionPacks/Oracle_VM_VirtualBox_Extension_Pack/linux.amd64/VBoxUsbCardReaderR3.so" (cb=106)
00:00:00.651033 
00:00:00.651033 [/PDM/USB/VBoxUsbWebcam/] (level 3)
00:00:00.651034   Path <string>  = "/usr/lib/virtualbox/ExtensionPacks/Oracle_VM_VirtualBox_Extension_Pack/linux.amd64/VBoxUsbWebcamR3.so" (cb=102)
00:00:00.651034 
00:00:00.651035 [/TM/] (level 1)
00:00:00.651035   UTCOffset <integer> = 0x0000000000000000 (0)
00:00:00.651036 
00:00:00.651036 [/USB/] (level 1)
00:00:00.651037 
00:00:00.651037 [/USB/HidMouse/] (level 2)
00:00:00.651038 
00:00:00.651038 [/USB/HidMouse/0/] (level 3)
00:00:00.651039 
00:00:00.651039 [/USB/HidMouse/0/Config/] (level 4)
00:00:00.651040   Mode <string>  = "absolute" (cb=9)
00:00:00.651041 
00:00:00.651041 [/USB/HidMouse/0/LUN#0/] (level 4)
00:00:00.651042   Driver <string>  = "MouseQueue" (cb=11)
00:00:00.651043 
00:00:00.651043 [/USB/HidMouse/0/LUN#0/AttachedDriver/] (level 5)
00:00:00.651044   Driver <string>  = "MainMouse" (cb=10)
00:00:00.651044 
00:00:00.651045 [/USB/HidMouse/0/LUN#0/AttachedDriver/Config/] (level 6)
00:00:00.651046   Object <integer> = 0x00007f4afc002980 (139 960 032 176 512)
00:00:00.651047 
00:00:00.651047 [/USB/HidMouse/0/LUN#0/Config/] (level 5)
00:00:00.651048   QueueSize <integer> = 0x0000000000000080 (128)
00:00:00.651049 
00:00:00.651049 [/USB/USBProxy/] (level 2)
00:00:00.651050 
00:00:00.651050 [/USB/USBProxy/GlobalConfig/] (level 3)
00:00:00.651051 
00:00:00.651052 ********************* End of CFGM dump **********************
00:00:00.651055 VM: fHMEnabled=true  (configured) fRecompileUser=false fRecompileSupervisor=false
00:00:00.651057 VM: fRawRing1Enabled=false CSAM=true  PATM=true 
00:00:00.651362 HM: HMR3Init: VT-x w/ nested paging and unrestricted guest execution hw support
00:00:00.651387 MM: cbHyperHeap=0x100000 (1048576)
00:00:00.652217 CPUM: fXStateHostMask=0x7; initial: 0x7; host XCR0=0x1f
00:00:00.653281 CPUM: Matched host CPU INTEL 0x6/0x8e/0x9 Intel_Atom_Unknown with CPU DB entry 'Intel Atom 330 1.60GHz' (INTEL 0x6/0x1c/0x2 Intel_Atom_Bonnell)
00:00:00.653570 CPUM: MSR fudge: 0x00000277 IA32_PAT
00:00:00.653582 CPUM: MSR fudge: 0xc0000103 AMD64_TSC_AUX
00:00:00.654114 PGM: HCPhysInterPD=0000000035511000 HCPhysInterPaePDPT=0000000019328000 HCPhysInterPaePML4=000000005e44d000
00:00:00.654125 PGM: apInterPTs={000000001e92c000,00000000783fa000} apInterPaePTs={000000019218d000,0000000273e6f000} apInterPaePDs={0000000252346000,000000025bf0c000,000000020b169000,0000000251e03000} pInterPaePDPT64=0000000025902000
00:00:00.654136 PGM: Host paging mode: AMD64+PGE+NX
00:00:00.654144 PGM: PGMPool: cMaxPages=3104 (u64MaxPages=3090)
00:00:00.654150 PGM: pgmR3PoolInit: cMaxPages=0xc20 cMaxUsers=0x1840 cMaxPhysExts=0x1840 fCacheEnable=true 
00:00:00.687743 TM: GIP - u32Mode=3 (Invariant) u32UpdateHz=83 u32UpdateIntervalNS=12000000 enmUseTscDelta=2 (Pratically Zero) fGetGipCpu=0x3 cCpus=4
00:00:00.687778 TM: GIP - u64CpuHz=2 712 000 037 (0xa1a5d625)  SUPGetCpuHzFromGip => 2 712 000 037
00:00:00.687789 TM: GIP - CPU: iCpuSet=0x0 idCpu=0x0 idApic=0x0 iGipCpu=0x2 i64TSCDelta=0 enmState=3 u64CpuHz=2711999866(*) cErrors=0
00:00:00.687797 TM: GIP - CPU: iCpuSet=0x1 idCpu=0x1 idApic=0x2 iGipCpu=0x0 i64TSCDelta=0 enmState=3 u64CpuHz=2712000037(*) cErrors=0
00:00:00.687804 TM: GIP - CPU: iCpuSet=0x2 idCpu=0x2 idApic=0x1 iGipCpu=0x3 i64TSCDelta=0 enmState=3 u64CpuHz=2712000037(*) cErrors=0
00:00:00.687824 TM: GIP - CPU: iCpuSet=0x3 idCpu=0x3 idApic=0x3 iGipCpu=0x1 i64TSCDelta=0 enmState=3 u64CpuHz=2712000037(*) cErrors=0
00:00:00.687860 TM: cTSCTicksPerSecond=2 712 000 037 (0xa1a5d625) enmTSCMode=3 (Dynamic)
00:00:00.687862 TM: TSCTiedToExecution=false TSCNotTiedToHalt=false
00:00:00.688076 VMM: CoreCode: R3=00007f4b22c47000 R0=XXXXXXXXXXXXXXXX RC=a0fc2000 Phys=000000006e301000 cb=0x1000
00:00:00.688490 GIM: Using provider 'KVM' (Implementation version: 0)
00:00:00.688501 CPUM: SetGuestCpuIdFeature: Enabled Hypervisor Present bit
00:00:00.729595 AIOMgr: Default manager type is 'Async'
00:00:00.729675 AIOMgr: Default file backend is 'NonBuffered'
00:00:00.730810 BlkCache: Cache successfully initialized. Cache size is 5242880 bytes
00:00:00.730876 BlkCache: Cache commit interval is 10000 ms
00:00:00.730908 BlkCache: Cache commit threshold is 2621440 bytes
00:00:00.775459 PcBios: [SMP] BIOS with 1 CPUs
00:00:00.776049 PcBios: MPS table at 000e1300
00:00:00.776734 PcBios: Using LAN ROM '/usr/lib/virtualbox/ExtensionPacks/Oracle_VM_VirtualBox_Extension_Pack/PXE-Intel.rom' with a size of 0xc000 bytes
00:00:00.790984 SUP: Loaded VBoxDDR0.r0 (/usr/lib/virtualbox/VBoxDDR0.r0) at 0xXXXXXXXXXXXXXXXX - ModuleInit at XXXXXXXXXXXXXXXX and ModuleTerm at XXXXXXXXXXXXXXXX
00:00:00.796693 SUP: Loaded VBoxDD2R0.r0 (/usr/lib/virtualbox/VBoxDD2R0.r0) at 0xXXXXXXXXXXXXXXXX - ModuleInit at XXXXXXXXXXXXXXXX and ModuleTerm at XXXXXXXXXXXXXXXX
00:00:00.796808 APIC: Activating Local APIC
00:00:00.796837 CPUM: SetGuestCpuIdFeature: Enabled APIC
00:00:00.797835 PIT: mode=3 count=0x10000 (65536) - 18.20 Hz (ch=0)
00:00:00.803629 Shared Folders service loaded
00:00:00.825734 DrvBlock: Flushes will be ignored
00:00:00.825771 DrvBlock: Async flushes will be passed to the disk
00:00:00.826028 VD: VDInit finished
00:00:00.837906 AIOMgr: pdmacFileEpInitialize: RTFileOpen /home/oliver/.config/VirtualBox/VBoxGuestAdditions_5.0.40.iso / 000c0781 failed with VERR_INVALID_PARAMETER
00:00:00.838029 AIOMgr: Endpoint for file '/home/oliver/.config/VirtualBox/VBoxGuestAdditions_5.0.40.iso' (flags 00000781) created successfully
00:00:00.838051 VD: Opening the disk took 209124 ns
00:00:00.838074 AHCI LUN#0: CD/DVD, total number of sectors 28548, passthrough disabled
00:00:00.838086 AHCI: LUN#0: using async I/O
00:00:00.838149 DrvBlock: Flushes will be ignored
00:00:00.838161 DrvBlock: Async flushes will be passed to the disk
00:00:00.838217 AIOMgr: pdmacFileEpInitialize: RTFileOpen /home/oliver/Documents/Git Reps/Comp-Sci-Course/ECAD/ECAD-Labs.vmdk / 000c0723 failed with VERR_INVALID_PARAMETER
00:00:00.838267 AIOMgr: Endpoint for file '/home/oliver/Documents/Git Reps/Comp-Sci-Course/ECAD/ECAD-Labs.vmdk' (flags 00000723) created successfully
00:00:00.844155 VD: Opening the disk took 5978022 ns
00:00:00.844196 AHCI: LUN#1: disk, PCHS=16383/16/63, total number of sectors 52428800
00:00:00.844209 AHCI: LUN#1: using async I/O
00:00:00.844296 AHCI#0: Reset the HBA
00:00:00.844420 PIIX3 ATA: LUN#0: no unit
00:00:00.844432 PIIX3 ATA: LUN#1: no unit
00:00:00.844460 PIIX3 ATA: LUN#2: no unit
00:00:00.844471 PIIX3 ATA: LUN#3: no unit
00:00:00.844487 PIIX3 ATA: Ctl#0: finished processing RESET
00:00:00.844506 PIIX3 ATA: Ctl#1: finished processing RESET
00:00:00.848934 NAT: Guest address guess set to 10.0.2.15 by initialization
00:00:00.849045 NAT: resolv.conf: nameserver 127.0.1.1
00:00:00.849061 NAT: DNS server 127.0.1.1 registration detected, switching to the DNS proxy
00:00:00.849070 NAT: Adding domain name sel.cam.ac.uk
00:00:00.849077 NAT: DNS#0: 127.0.1.1
00:00:00.849523 Audio: Initializing PulseAudio driver
00:00:01.050690 Audio: Host audio backend supports 64 output streams and 64 input streams at once
00:00:01.050742 Audio: Initializing VRDE driver
00:00:01.050755 Audio: Host audio backend supports 1 output streams and 2 input streams at once
00:00:01.050766 AC97: Reset
00:00:01.102594 VUSB: Attached 'HidMouse' to port 1
00:00:01.104074 SUP: Loaded VBoxEhciR0.r0 (/usr/lib/virtualbox/ExtensionPacks/Oracle_VM_VirtualBox_Extension_Pack/linux.amd64/VBoxEhciR0.r0) at 0xXXXXXXXXXXXXXXXX - ModuleInit at XXXXXXXXXXXXXXXX and ModuleTerm at XXXXXXXXXXXXXXXX
00:00:01.104140 PcBios: SATA LUN#0 LCHS=1024/255/63
00:00:01.104150 PcBios: SATA LUN#1 LCHS=1024/255/63
00:00:01.104236 PGM: The CPU physical address width is 39 bits
00:00:01.104244 PGM: PGMR3InitFinalize: 4 MB PSE mask 0000007fffffffff
00:00:01.104264 TM: TMR3InitFinalize: fTSCModeSwitchAllowed=true 
00:00:01.107003 VMM: Thread-context hooks enabled!
00:00:01.107027 HM: Using VT-x implementation 2.0!
00:00:01.107028 HM: Host CR4                        = 0x3406e0
00:00:01.107030 HM: Host EFER                       = 0xd01
00:00:01.107031 HM: MSR_IA32_SMM_MONITOR_CTL        = 0x0
00:00:01.107031 HM: MSR_IA32_FEATURE_CONTROL        = 0x40005
00:00:01.107032 HM: MSR_IA32_VMX_BASIC_INFO         = 0xda040000000004
00:00:01.107033 HM:   VMCS id                             = 0x4
00:00:01.107034 HM:   VMCS size                           = 1024 bytes
00:00:01.107034 HM:   VMCS physical address limit         = None
00:00:01.107035 HM:   VMCS memory type                    = 0x6
00:00:01.107035 HM:   Dual-monitor treatment support      = true 
00:00:01.107036 HM:   OUTS & INS instruction-info         = true 
00:00:01.107036 HM: Max resume loops                = 8192
00:00:01.107037 HM: MSR_IA32_VMX_PINBASED_CTLS      = 0x7f00000016
00:00:01.107038 HM:   VMX_VMCS_CTRL_PIN_EXEC_EXT_INT_EXIT
00:00:01.107038 HM:   VMX_VMCS_CTRL_PIN_EXEC_NMI_EXIT
00:00:01.107039 HM:   VMX_VMCS_CTRL_PIN_EXEC_VIRTUAL_NMI
00:00:01.107039 HM:   VMX_VMCS_CTRL_PIN_EXEC_PREEMPT_TIMER
00:00:01.107039 HM: MSR_IA32_VMX_PROCBASED_CTLS     = 0xfff9fffe0401e172
00:00:01.107040 HM:   VMX_VMCS_CTRL_PROC_EXEC_INT_WINDOW_EXIT
00:00:01.107041 HM:   VMX_VMCS_CTRL_PROC_EXEC_USE_TSC_OFFSETTING
00:00:01.107041 HM:   VMX_VMCS_CTRL_PROC_EXEC_HLT_EXIT
00:00:01.107041 HM:   VMX_VMCS_CTRL_PROC_EXEC_INVLPG_EXIT
00:00:01.107042 HM:   VMX_VMCS_CTRL_PROC_EXEC_MWAIT_EXIT
00:00:01.107042 HM:   VMX_VMCS_CTRL_PROC_EXEC_RDPMC_EXIT
00:00:01.107042 HM:   VMX_VMCS_CTRL_PROC_EXEC_RDTSC_EXIT
00:00:01.107043 HM:   VMX_VMCS_CTRL_PROC_EXEC_CR3_LOAD_EXIT (must be set)
00:00:01.107043 HM:   VMX_VMCS_CTRL_PROC_EXEC_CR3_STORE_EXIT (must be set)
00:00:01.107044 HM:   VMX_VMCS_CTRL_PROC_EXEC_CR8_LOAD_EXIT
00:00:01.107044 HM:   VMX_VMCS_CTRL_PROC_EXEC_CR8_STORE_EXIT
00:00:01.107044 HM:   VMX_VMCS_CTRL_PROC_EXEC_USE_TPR_SHADOW
00:00:01.107045 HM:   VMX_VMCS_CTRL_PROC_EXEC_NMI_WINDOW_EXIT
00:00:01.107045 HM:   VMX_VMCS_CTRL_PROC_EXEC_MOV_DR_EXIT
00:00:01.107045 HM:   VMX_VMCS_CTRL_PROC_EXEC_UNCOND_IO_EXIT
00:00:01.107046 HM:   VMX_VMCS_CTRL_PROC_EXEC_USE_IO_BITMAPS
00:00:01.107046 HM:   VMX_VMCS_CTRL_PROC_EXEC_MONITOR_TRAP_FLAG
00:00:01.107047 HM:   VMX_VMCS_CTRL_PROC_EXEC_USE_MSR_BITMAPS
00:00:01.107047 HM:   VMX_VMCS_CTRL_PROC_EXEC_MONITOR_EXIT
00:00:01.107047 HM:   VMX_VMCS_CTRL_PROC_EXEC_PAUSE_EXIT
00:00:01.107048 HM:   VMX_VMCS_CTRL_PROC_EXEC_USE_SECONDARY_EXEC_CTRL
00:00:01.107048 HM: MSR_IA32_VMX_PROCBASED_CTLS2    = 0x5fbcff00000000
00:00:01.107049 HM:   VMX_VMCS_CTRL_PROC_EXEC2_VIRT_APIC
00:00:01.107049 HM:   VMX_VMCS_CTRL_PROC_EXEC2_EPT
00:00:01.107050 HM:   VMX_VMCS_CTRL_PROC_EXEC2_DESCRIPTOR_TABLE_EXIT
00:00:01.107050 HM:   VMX_VMCS_CTRL_PROC_EXEC2_RDTSCP
00:00:01.107051 HM:   VMX_VMCS_CTRL_PROC_EXEC2_VIRT_X2APIC
00:00:01.107051 HM:   VMX_VMCS_CTRL_PROC_EXEC2_VPID
00:00:01.107051 HM:   VMX_VMCS_CTRL_PROC_EXEC2_WBINVD_EXIT
00:00:01.107052 HM:   VMX_VMCS_CTRL_PROC_EXEC2_UNRESTRICTED_GUEST
00:00:01.107052 HM:   VMX_VMCS_CTRL_PROC_EXEC2_PAUSE_LOOP_EXIT
00:00:01.107052 HM:   VMX_VMCS_CTRL_PROC_EXEC2_RDRAND_EXIT
00:00:01.107053 HM:   VMX_VMCS_CTRL_PROC_EXEC2_INVPCID
00:00:01.107053 HM:   VMX_VMCS_CTRL_PROC_EXEC2_VMFUNC
00:00:01.107054 HM:   VMX_VMCS_CTRL_PROC_EXEC2_VMCS_SHADOWING (must be cleared)
00:00:01.107054 HM:   VMX_VMCS_CTRL_PROC_EXEC2_RDSEED_EXIT
00:00:01.107055 HM:   VMX_VMCS_CTRL_PROC_EXEC2_EPT_VE
00:00:01.107055 HM:   VMX_VMCS_CTRL_PROC_EXEC2_XSAVES
00:00:01.107055 HM: MSR_IA32_VMX_ENTRY_CTLS         = 0x3ffff000011ff
00:00:01.107056 HM:   VMX_VMCS_CTRL_ENTRY_LOAD_DEBUG (must be set)
00:00:01.107056 HM:   VMX_VMCS_CTRL_ENTRY_IA32E_MODE_GUEST
00:00:01.107057 HM:   VMX_VMCS_CTRL_ENTRY_ENTRY_SMM
00:00:01.107057 HM:   VMX_VMCS_CTRL_ENTRY_DEACTIVATE_DUALMON
00:00:01.107057 HM:   VMX_VMCS_CTRL_ENTRY_LOAD_GUEST_PERF_MSR
00:00:01.107058 HM:   VMX_VMCS_CTRL_ENTRY_LOAD_GUEST_PAT_MSR
00:00:01.107058 HM:   VMX_VMCS_CTRL_ENTRY_LOAD_GUEST_EFER_MSR
00:00:01.107058 HM: MSR_IA32_VMX_EXIT_CTLS          = 0x1ffffff00036dff
00:00:01.107059 HM:   VMX_VMCS_CTRL_EXIT_SAVE_DEBUG (must be set)
00:00:01.107060 HM:   VMX_VMCS_CTRL_EXIT_HOST_ADDR_SPACE_SIZE
00:00:01.107060 HM:   VMX_VMCS_CTRL_EXIT_LOAD_PERF_MSR
00:00:01.107060 HM:   VMX_VMCS_CTRL_EXIT_ACK_EXT_INT
00:00:01.107061 HM:   VMX_VMCS_CTRL_EXIT_SAVE_GUEST_PAT_MSR
00:00:01.107061 HM:   VMX_VMCS_CTRL_EXIT_LOAD_HOST_PAT_MSR
00:00:01.107061 HM:   VMX_VMCS_CTRL_EXIT_SAVE_GUEST_EFER_MSR
00:00:01.107062 HM:   VMX_VMCS_CTRL_EXIT_LOAD_HOST_EFER_MSR
00:00:01.107062 HM:   VMX_VMCS_CTRL_EXIT_SAVE_VMX_PREEMPT_TIMER
00:00:01.107062 HM: MSR_IA32_VMX_EPT_VPID_CAP       = 0xf0106734141
00:00:01.107063 HM:   MSR_IA32_VMX_EPT_VPID_CAP_RWX_X_ONLY
00:00:01.107070 HM:   MSR_IA32_VMX_EPT_VPID_CAP_GAW_48_BITS
00:00:01.107071 HM:   MSR_IA32_VMX_EPT_VPID_CAP_EMT_UC
00:00:01.107071 HM:   MSR_IA32_VMX_EPT_VPID_CAP_EMT_WB
00:00:01.107072 HM:   MSR_IA32_VMX_EPT_VPID_CAP_SP_21_BITS
00:00:01.107072 HM:   MSR_IA32_VMX_EPT_VPID_CAP_SP_30_BITS
00:00:01.107072 HM:   MSR_IA32_VMX_EPT_VPID_CAP_INVEPT
00:00:01.107073 HM:   MSR_IA32_VMX_EPT_VPID_CAP_INVEPT_SINGLE_CONTEXT
00:00:01.107073 HM:   MSR_IA32_VMX_EPT_VPID_CAP_INVEPT_ALL_CONTEXTS
00:00:01.107073 HM:   MSR_IA32_VMX_EPT_VPID_CAP_INVVPID
00:00:01.107074 HM:   MSR_IA32_VMX_EPT_VPID_CAP_INVVPID_INDIV_ADDR
00:00:01.107074 HM:   MSR_IA32_VMX_EPT_VPID_CAP_INVVPID_SINGLE_CONTEXT
00:00:01.107074 HM:   MSR_IA32_VMX_EPT_VPID_CAP_INVVPID_ALL_CONTEXTS
00:00:01.107075 HM:   MSR_IA32_VMX_EPT_VPID_CAP_INVVPID_SINGLE_CONTEXT_RETAIN_GLOBALS
00:00:01.107075 HM: MSR_IA32_VMX_MISC               = 0x7004c1e7
00:00:01.107076 HM:   MSR_IA32_VMX_MISC_PREEMPT_TSC_BIT      = 0x7
00:00:01.107076 HM:   MSR_IA32_VMX_MISC_STORE_EFERLMA_VMEXIT = true 
00:00:01.107077 HM:   MSR_IA32_VMX_MISC_ACTIVITY_STATES      = 0x7
00:00:01.107077 HM:   MSR_IA32_VMX_MISC_CR3_TARGET           = 0x4
00:00:01.107078 HM:   MSR_IA32_VMX_MISC_MAX_MSR              = 512
00:00:01.107078 HM:   MSR_IA32_VMX_MISC_RDMSR_SMBASE_MSR_SMM = true 
00:00:01.107079 HM:   MSR_IA32_VMX_MISC_SMM_MONITOR_CTL_B2   = true 
00:00:01.107079 HM:   MSR_IA32_VMX_MISC_VMWRITE_VMEXIT_INFO  = true 
00:00:01.107080 HM:   MSR_IA32_VMX_MISC_MSEG_ID              = 0x0
00:00:01.107080 HM: MSR_IA32_VMX_CR0_FIXED0         = 0x80000021
00:00:01.107081 HM: MSR_IA32_VMX_CR0_FIXED1         = 0xffffffff
00:00:01.107081 HM: MSR_IA32_VMX_CR4_FIXED0         = 0x2000
00:00:01.107082 HM: MSR_IA32_VMX_CR4_FIXED1         = 0x3727ff
00:00:01.107083 HM: MSR_IA32_VMX_VMCS_ENUM          = 0x2e
00:00:01.107083 HM:   MSR_IA32_VMX_VMCS_ENUM_HIGHEST_INDEX   = 0x17
00:00:01.107084 HM: MSR_A32_VMX_VMFUNC              = 0x1
00:00:01.107084 HM:   VMX_VMCS_CTRL_VMFUNC_EPTP_SWITCHING
00:00:01.107085 HM: APIC-access page physaddr       = 0x000000001f0cc000
00:00:01.107086 HM: VCPU  0: MSR bitmap physaddr    = 0x000000001f0cf000
00:00:01.107087 HM: VCPU  0: VMCS physaddr          = 0x000000001f0cd000
00:00:01.107088 HM: Guest support: 32-bit and 64-bit
00:00:01.107090 HM: Supports VMCS EFER fields       = true 
00:00:01.107091 HM: VMX enabled!
00:00:01.107093 CPUM: SetGuestCpuIdFeature: Enabled SYSENTER/EXIT
00:00:01.107093 CPUM: SetGuestCpuIdFeature: Enabled PAE
00:00:01.107094 CPUM: SetGuestCpuIdFeature: Enabled LONG MODE
00:00:01.107095 CPUM: SetGuestCpuIdFeature: Enabled SYSCALL/RET
00:00:01.107095 CPUM: SetGuestCpuIdFeature: Enabled LAHF/SAHF
00:00:01.107095 CPUM: SetGuestCpuIdFeature: Enabled NX
00:00:01.107096 HM: Nested paging enabled!
00:00:01.107096 HM:   EPT flush type                = VMXFLUSHEPT_SINGLE_CONTEXT
00:00:01.107097 HM: Unrestricted guest execution enabled!
00:00:01.107097 HM: VPID enabled!
00:00:01.107097 HM:   VPID flush type               = VMXFLUSHVPID_SINGLE_CONTEXT
00:00:01.107098 HM: VMX-preemption timer enabled (cPreemptTimerShift=7)
00:00:01.107098 HM: VT-x/AMD-V init method: GLOBAL
00:00:01.107125 VMM: fUsePeriodicPreemptionTimers=false
00:00:01.107526 CPUM: Logical host processors: 4 present, 4 max, 4 online, online mask: 000000000000000f
00:00:01.107564 CPUM: Physical host cores: 2
00:00:01.107564 ************************* CPUID dump ************************
00:00:01.107568          Raw Standard CPUID Leaves
00:00:01.107568      Leaf/sub-leaf  eax      ebx      ecx      edx
00:00:01.107569 Gst: 00000000/0000  00000016 756e6547 6c65746e 49656e69
00:00:01.107571 Hst:                00000016 756e6547 6c65746e 49656e69
00:00:01.107572 Gst: 00000001/0000  000806e9 00000800 d6d8220b 078bfbff
00:00:01.107573 Hst:                000806e9 02100800 7ffafbbf bfebfbff
00:00:01.107574 Gst: 00000002/0000  76036301 00f0b5ff 00000000 00c30000
00:00:01.107576 Hst:                76036301 00f0b5ff 00000000 00c30000
00:00:01.107577 Gst: 00000003/0000  00000000 00000000 00000000 00000000
00:00:01.107577 Hst:                00000000 00000000 00000000 00000000
00:00:01.107578 Gst: 00000004/0000  00000121 01c0003f 0000003f 00000000
00:00:01.107579 Hst:                1c004121 01c0003f 0000003f 00000000
00:00:01.107580 Gst: 00000004/0001  00000122 01c0003f 0000003f 00000000
00:00:01.107581 Hst:                1c004122 01c0003f 0000003f 00000000
00:00:01.107582 Gst: 00000004/0002  00000143 00c0003f 000003ff 00000000
00:00:01.107583 Hst:                1c004143 00c0003f 000003ff 00000000
00:00:01.107584 Gst: 00000004/0003  00000163 02c0003f 00000fff 00000006
00:00:01.107584 Hst:                1c03c163 02c0003f 00000fff 00000006
00:00:01.107585 Gst: 00000004/0004  00000000 00000000 00000000 00000000
00:00:01.107586 Hst:                00000000 00000000 00000000 00000000
00:00:01.107587 Gst: 00000005/0000  00000040 00000040 00000000 00000000
00:00:01.107587 Hst:                00000040 00000040 00000003 11142120
00:00:01.107589 Gst: 00000006/0000  00000000 00000000 00000000 00000000
00:00:01.107589 Hst:                000027f7 00000002 00000009 00000000
00:00:01.107590 Gst: 00000007/0000  00000000 00842000 00000000 00000000
00:00:01.107591 Hst:                00000000 029c67af 00000000 00000000
00:00:01.107592 Gst: 00000007/0001  00000000 00000000 00000000 00000000
00:00:01.107592 Hst:                00000000 00000000 00000000 00000000
00:00:01.107593 Gst: 00000008/0000  00000000 00000000 00000000 00000000
00:00:01.107594 Hst:                00000000 00000000 00000000 00000000
00:00:01.107595 Gst: 00000009/0000  00000000 00000000 00000000 00000000
00:00:01.107595 Hst:                00000000 00000000 00000000 00000000
00:00:01.107596 Gst: 0000000a/0000  00000000 00000000 00000000 00000000
00:00:01.107596 Hst:                07300404 00000000 00000000 00000603
00:00:01.107597 Gst: 0000000b/0000  00000000 00000001 00000100 00000000
00:00:01.107598 Hst:                00000001 00000002 00000100 00000002
00:00:01.107599 Gst: 0000000b/0001  00000001 00000001 00000201 00000000
00:00:01.107600 Hst:                00000004 00000004 00000201 00000002
00:00:01.107600 Gst: 0000000b/0002  00000000 00000000 00000002 00000000
00:00:01.107601 Hst:                00000000 00000000 00000002 00000002
00:00:01.107602 Gst: 0000000c/0000  00000000 00000000 00000000 00000000
00:00:01.107602 Hst:                00000000 00000000 00000000 00000000
00:00:01.107603 Gst: 0000000d/0000  00000007 00000440 00000440 00000000
00:00:01.107604 Hst:                0000001f 00000440 00000440 00000000
00:00:01.107604 Gst: 0000000d/0001  00000000 000003c0 00000000 00000000
00:00:01.107605 Hst:                0000000f 000003c0 00000100 00000000
00:00:01.107606 Gst: 0000000d/0002  00000100 00000240 00000000 00000000
00:00:01.107607 Hst:                00000100 00000240 00000000 00000000
00:00:01.107608 Gst: 0000000d/0003  00000000 00000000 00000000 00000000
00:00:01.107608 Hst:                00000040 000003c0 00000000 00000000
00:00:01.107609 Gst: 0000000d/0004  00000000 00000000 00000000 00000000
00:00:01.107610 Hst:                00000040 00000400 00000000 00000000
00:00:01.107610 Gst: 0000000d/0005  00000000 00000000 00000000 00000000
00:00:01.107611 Hst:                00000000 00000000 00000000 00000000
00:00:01.107612 Gst: 0000000d/0006  00000000 00000000 00000000 00000000
00:00:01.107612 Hst:                00000000 00000000 00000000 00000000
00:00:01.107613 Gst: 0000000d/0007  00000000 00000000 00000000 00000000
00:00:01.107614 Hst:                00000000 00000000 00000000 00000000
00:00:01.107614 Gst: 0000000d/0008  00000000 00000000 00000000 00000000
00:00:01.107615 Hst:                00000080 00000000 00000001 00000000
00:00:01.107616 Gst: 0000000d/0009  00000000 00000000 00000000 00000000
00:00:01.107616 Hst:                00000000 00000000 00000000 00000000
00:00:01.107636 Gst: 0000000e/0000  00000000 00000000 00000000 00000000
00:00:01.107636 Hst:                00000000 00000000 00000000 00000000
00:00:01.107637 Gst: 0000000f/0000  00000000 00000000 00000000 00000000
00:00:01.107638 Hst:                00000000 00000000 00000000 00000000
00:00:01.107638 Gst: 00000010/0000  00000000 00000000 00000000 00000000
00:00:01.107639 Hst:                00000000 00000000 00000000 00000000
00:00:01.107640 Gst: 00000011/0000  00000000 00000000 00000000 00000000
00:00:01.107640 Hst:                00000000 00000000 00000000 00000000
00:00:01.107648 Gst: 00000012/0000  00000000 00000000 00000000 00000000
00:00:01.107649 Hst:                00000001 00000000 00000000 0000241f
00:00:01.107649 Hst: 00000013/0000  00000000 00000000 00000000 00000000
00:00:01.107650 Hst: 00000014/0000  00000001 0000000f 00000007 00000000
00:00:01.107651 Hst: 00000015/0000  00000002 000000e2 00000000 00000000
00:00:01.107652 Hst: 00000016/0000  00000a8c 00000c1c 00000064 00000000
00:00:01.107653                                Name: GenuineIntel
00:00:01.107655                            Supports: 0x00000000-0x00000016
00:00:01.107656                              Family:  6 	Extended: 0 	Effective: 6
00:00:01.107657                               Model: 14 	Extended: 8 	Effective: 142
00:00:01.107658                            Stepping: 9
00:00:01.107659                                Type: 0 (primary)
00:00:01.107660                             APIC ID: 0x00
00:00:01.107661                        Logical CPUs: 0
00:00:01.107662                        CLFLUSH Size: 8
00:00:01.107662                            Brand ID: 0x00
00:00:01.107663 Features
00:00:01.107664   Mnemonic - Description                                  = guest (host)
00:00:01.107664   FPU - x87 FPU on Chip                                   = 1 (1)
00:00:01.107666   VME - Virtual 8086 Mode Enhancements                    = 1 (1)
00:00:01.107667   DE - Debugging extensions                               = 1 (1)
00:00:01.107668   PSE - Page Size Extension                               = 1 (1)
00:00:01.107668   TSC - Time Stamp Counter                                = 1 (1)
00:00:01.107669   MSR - Model Specific Registers                          = 1 (1)
00:00:01.107670   PAE - Physical Address Extension                        = 1 (1)
00:00:01.107671   MCE - Machine Check Exception                           = 1 (1)
00:00:01.107672   CX8 - CMPXCHG8B instruction                             = 1 (1)
00:00:01.107673   APIC - APIC On-Chip                                     = 1 (1)
00:00:01.107674   SEP - SYSENTER and SYSEXIT Present                      = 1 (1)
00:00:01.107675   MTRR - Memory Type Range Registers                      = 1 (1)
00:00:01.107676   PGE - PTE Global Bit                                    = 1 (1)
00:00:01.107676   MCA - Machine Check Architecture                        = 1 (1)
00:00:01.107677   CMOV - Conditional Move instructions                    = 1 (1)
00:00:01.107678   PAT - Page Attribute Table                              = 1 (1)
00:00:01.107679   PSE-36 - 36-bit Page Size Extension                     = 1 (1)
00:00:01.107680   PSN - Processor Serial Number                           = 0 (0)
00:00:01.107681   CLFSH - CLFLUSH instruction                             = 1 (1)
00:00:01.107682   DS - Debug Store                                        = 0 (1)
00:00:01.107683   ACPI - Thermal Mon. & Soft. Clock Ctrl.                 = 0 (1)
00:00:01.107683   MMX - Intel MMX Technology                              = 1 (1)
00:00:01.107684   FXSR - FXSAVE and FXRSTOR instructions                  = 1 (1)
00:00:01.107685   SSE - SSE support                                       = 1 (1)
00:00:01.107686   SSE2 - SSE2 support                                     = 1 (1)
00:00:01.107687   SS - Self Snoop                                         = 0 (1)
00:00:01.107688   HTT - Hyper-Threading Technology                        = 0 (1)
00:00:01.107689   TM - Therm. Monitor                                     = 0 (1)
00:00:01.107690   PBE - Pending Break Enabled                             = 0 (1)
00:00:01.107691   SSE3 - SSE3 support                                     = 1 (1)
00:00:01.107692   PCLMUL - PCLMULQDQ support (for AES-GCM)                = 1 (1)
00:00:01.107693   DTES64 - DS Area 64-bit Layout                          = 0 (1)
00:00:01.107693   MONITOR - MONITOR/MWAIT instructions                    = 1 (1)
00:00:01.107694   CPL-DS - CPL Qualified Debug Store                      = 0 (1)
00:00:01.107695   VMX - Virtual Machine Extensions                        = 0 (1)
00:00:01.107696   SMX - Safer Mode Extensions                             = 0 (0)
00:00:01.107697   EST - Enhanced SpeedStep Technology                     = 0 (1)
00:00:01.107698   TM2 - Terminal Monitor 2                                = 0 (1)
00:00:01.107699   SSSE3 - Supplemental Streaming SIMD Extensions 3        = 1 (1)
00:00:01.107699   CNTX-ID - L1 Context ID                                 = 0 (0)
00:00:01.107700   SDBG - Silicon Debug interface                          = 0 (1)
00:00:01.107701   FMA - Fused Multiply Add extensions                     = 0 (1)
00:00:01.107702   CX16 - CMPXCHG16B instruction                           = 1 (1)
00:00:01.107703   TPRUPDATE - xTPR Update Control                         = 0 (1)
00:00:01.107703   PDCM - Perf/Debug Capability MSR                        = 0 (1)
00:00:01.107704   PCID - Process Context Identifiers                      = 0 (1)
00:00:01.107705   DCA - Direct Cache Access                               = 0 (0)
00:00:01.107706   SSE4_1 - SSE4_1 support                                 = 1 (1)
00:00:01.107707   SSE4_2 - SSE4_2 support                                 = 1 (1)
00:00:01.107708   X2APIC - x2APIC support                                 = 0 (1)
00:00:01.107709   MOVBE - MOVBE instruction                               = 1 (1)
00:00:01.107710   POPCNT - POPCNT instruction                             = 1 (1)
00:00:01.107711   TSCDEADL - Time Stamp Counter Deadline                  = 0 (1)
00:00:01.107711   AES - AES instructions                                  = 1 (1)
00:00:01.107712   XSAVE - XSAVE instruction                               = 1 (1)
00:00:01.107713   OSXSAVE - OSXSAVE instruction                           = 0 (1)
00:00:01.107714   AVX - AVX support                                       = 1 (1)
00:00:01.107715   F16C - 16-bit floating point conversion instructions    = 0 (1)
00:00:01.107716   RDRAND - RDRAND instruction                             = 1 (1)
00:00:01.107717   HVP - Hypervisor Present (we're a guest)                = 1 (0)
00:00:01.107718 Structured Extended Feature Flags Enumeration (leaf 7):
00:00:01.107718   Mnemonic - Description                                  = guest (host)
00:00:01.107719   FSGSBASE - RDFSBASE/RDGSBASE/WRFSBASE/WRGSBASE instr.   = 0 (1)
00:00:01.107719   TSCADJUST - Supports MSR_IA32_TSC_ADJUST                = 0 (1)
00:00:01.107720    2 - Reserved                                           = 0 (1)
00:00:01.107721   BMI1 - Advanced Bit Manipulation extension 1            = 0 (1)
00:00:01.107722   HLE - Hardware Lock Elision                             = 0 (0)
00:00:01.107723   AVX2 - Advanced Vector Extensions 2                     = 0 (1)
00:00:01.107724   SMEP - Supervisor Mode Execution Prevention             = 0 (1)
00:00:01.107724   BMI2 - Advanced Bit Manipulation extension 2            = 0 (1)
00:00:01.107725   ERMS - Enhanced REP MOVSB/STOSB instructions            = 0 (1)
00:00:01.107726   INVPCID - INVPCID instruction                           = 0 (1)
00:00:01.107727   RTM - Restricted Transactional Memory                   = 0 (0)
00:00:01.107728   PQM - Platform Quality of Service Monitoring            = 0 (0)
00:00:01.107728   DEPFPU_CS_DS - Deprecates FPU CS, FPU DS values if set  = 1 (1)
00:00:01.107729   MPE - Intel Memory Protection Extensions                = 0 (1)
00:00:01.107730   PQE - Platform Quality of Service Enforcement           = 0 (0)
00:00:01.107730   AVX512F - AVX512 Foundation instructions                = 0 (0)
00:00:01.107731   RDSEED - RDSEED instruction                             = 1 (1)
00:00:01.107732   ADX - ADCX/ADOX instructions                            = 0 (1)
00:00:01.107733   SMAP - Supervisor Mode Access Prevention                = 0 (1)
00:00:01.107734   CLFLUSHOPT - CLFLUSHOPT (Cache Line Flush) instruction  = 1 (1)
00:00:01.107734   INTEL_PT - Intel Processor Trace                        = 0 (1)
00:00:01.107735   AVX512PF - AVX512 Prefetch instructions                 = 0 (0)
00:00:01.107736   AVX512ER - AVX512 Exponential & Reciprocal instructions = 0 (0)
00:00:01.107737   AVX512CD - AVX512 Conflict Detection instructions       = 0 (0)
00:00:01.107737   SHA - Secure Hash Algorithm extensions                  = 0 (0)
00:00:01.107738   PREFETCHWT1 - PREFETCHWT1 instruction                   = 0 (0)
00:00:01.107739   PKU - Protection Key for Usermode pages                 = 0 (0)
00:00:01.107740   OSPKU - CR4.PKU mirror                                  = 0 (0)
00:00:01.107741 Processor Extended State Enumeration (leaf 0xd):
00:00:01.107742    XSAVE area cur/max size by XCR0, guest: 0x440/0x440
00:00:01.107742     XSAVE area cur/max size by XCR0, host: 0x440/0x440
00:00:01.107743                    Valid XCR0 bits, guest: 0x00000000`00000007 ( x87 SSE YMM_Hi128 )
00:00:01.107745                     Valid XCR0 bits, host: 0x00000000`0000001f ( x87 SSE YMM_Hi128 BNDREGS BNDCSR )
00:00:01.107747                     XSAVE features, guest:
00:00:01.107748                      XSAVE features, host: XSAVEOPT XSAVEC XGETBC1 XSAVES
00:00:01.107749       XSAVE area cur size XCR0|XSS, guest: 0x3c0
00:00:01.107750        XSAVE area cur size XCR0|XSS, host: 0x3c0
00:00:01.107751                Valid IA32_XSS bits, guest: 0x00000000`00000000
00:00:01.107752                 Valid IA32_XSS bits, host: 0x00000100`00000000 ( 40 )
00:00:01.107753   State #2, guest: off=0x0240, cb=0x0100 IA32_XSS-bit -- YMM_Hi128
00:00:01.107754   State #2, host:  off=0x0240, cb=0x0100 IA32_XSS-bit -- YMM_Hi128
00:00:01.107755   State #3, host:  off=0x03c0, cb=0x0040 IA32_XSS-bit -- BNDREGS
00:00:01.107757   State #4, host:  off=0x0400, cb=0x0040 IA32_XSS-bit -- BNDCSR
00:00:01.107758   State #8, host:  off=0x0000, cb=0x0080 XCR0-bit -- 8
00:00:01.107768          Unknown CPUID Leaves
00:00:01.107768      Leaf/sub-leaf  eax      ebx      ecx      edx
00:00:01.107770 Gst: 00000012/0001  00000000 00000000 00000000 00000000
00:00:01.107771 Hst:                00000036 00000000 0000001f 00000000
00:00:01.107772 Gst: 00000012/0002  00000000 00000000 00000000 00000000
00:00:01.107773 Hst:                70200001 00000000 05d80001 00000000
00:00:01.107774 Gst: 00000012/0003  00000000 00000000 00000000 00000000
00:00:01.107775 Hst:                00000000 00000000 00000000 00000000
00:00:01.107776 Gst: 00000013/0000  00000000 00000000 00000000 00000000
00:00:01.107776 Hst:                00000000 00000000 00000000 00000000
00:00:01.107777 Gst: 00000014/0000  00000000 00000000 00000000 00000000
00:00:01.107778 Hst:                00000001 0000000f 00000007 00000000
00:00:01.107778 Gst: 00000014/0001  00000000 00000000 00000000 00000000
00:00:01.107779 Hst:                02490002 003f3fff 00000000 00000000
00:00:01.107780 Gst: 00000014/0002  00000000 00000000 00000000 00000000
00:00:01.107781 Hst:                00000000 00000000 00000000 00000000
00:00:01.107781 Gst: 00000015/0000  00000000 00000000 00000000 00000000
00:00:01.107782 Hst:                00000002 000000e2 00000000 00000000
00:00:01.107783 Gst: 00000016/0000  00000000 00000000 00000000 00000000
00:00:01.107784 Hst:                00000a8c 00000c1c 00000064 00000000
00:00:01.107785          Raw Hypervisor CPUID Leaves
00:00:01.107786      Leaf/sub-leaf  eax      ebx      ecx      edx
00:00:01.107786 Gst: 40000000/0000  40000001 4b4d564b 564b4d56 0000004d
00:00:01.107788 Hst:                00000a8c 00000c1c 00000064 00000000
00:00:01.107789 Gst: 40000001/0000  01000089 00000000 00000000 00000000
00:00:01.107790 Hst:                00000a8c 00000c1c 00000064 00000000
00:00:01.107791          Raw Extended CPUID Leaves
00:00:01.107791      Leaf/sub-leaf  eax      ebx      ecx      edx
00:00:01.107792 Gst: 80000000/0000  80000008 00000000 00000000 00000000
00:00:01.107792 Hst:                80000008 00000000 00000000 00000000
00:00:01.107793 Gst: 80000001/0000  00000000 00000000 00000121 28100800
00:00:01.107794 Hst:                00000000 00000000 00000121 2c100800
00:00:01.107796 Gst: 80000002/0000  65746e49 2952286c 726f4320 4d542865
00:00:01.107797 Hst:                65746e49 2952286c 726f4320 4d542865
00:00:01.107799 Gst: 80000003/0000  35692029 3032372d 43205530 40205550
00:00:01.107800 Hst:                35692029 3032372d 43205530 40205550
00:00:01.107802 Gst: 80000004/0000  352e3220 7a484730 00000000 00000000
00:00:01.107803 Hst:                352e3220 7a484730 00000000 00000000
00:00:01.107803 Gst: 80000005/0000  00000000 00000000 00000000 00000000
00:00:01.107804 Hst:                00000000 00000000 00000000 00000000
00:00:01.107805 Gst: 80000006/0000  00000000 00000000 01006040 00000000
00:00:01.107806 Hst:                00000000 00000000 01006040 00000000
00:00:01.107807 Gst: 80000007/0000  00000000 00000000 00000000 00000100
00:00:01.107807 Hst:                00000000 00000000 00000000 00000100
00:00:01.107808 Gst: 80000008/0000  00003027 00000000 00000000 00000000
00:00:01.107809 Hst:                00003027 00000000 00000000 00000000
00:00:01.107810 Ext Name:                        
00:00:01.107810 Ext Supports:                    0x80000000-0x80000008
00:00:01.107811 Family:                          0  	Extended: 0 	Effective: 0
00:00:01.107812 Model:                           0  	Extended: 0 	Effective: 0
00:00:01.107812 Stepping:                        0
00:00:01.107813 Brand ID:                        0x000
00:00:01.107813 Ext Features
00:00:01.107814   Mnemonic - Description                                  = guest (host)
00:00:01.107814   FPU - x87 FPU on Chip                                   = 0 (0)
00:00:01.107815   VME - Virtual 8086 Mode Enhancements                    = 0 (0)
00:00:01.107816   DE - Debugging extensions                               = 0 (0)
00:00:01.107817   PSE - Page Size Extension                               = 0 (0)
00:00:01.107818   TSC - Time Stamp Counter                                = 0 (0)
00:00:01.107819   MSR - K86 Model Specific Registers                      = 0 (0)
00:00:01.107819   PAE - Physical Address Extension                        = 0 (0)
00:00:01.107820   MCE - Machine Check Exception                           = 0 (0)
00:00:01.107821   CX8 - CMPXCHG8B instruction                             = 0 (0)
00:00:01.107822   APIC - APIC On-Chip                                     = 0 (0)
00:00:01.107823   SEP - SYSCALL/SYSRET                                    = 1 (1)
00:00:01.107824   MTRR - Memory Type Range Registers                      = 0 (0)
00:00:01.107825   PGE - PTE Global Bit                                    = 0 (0)
00:00:01.107826   MCA - Machine Check Architecture                        = 0 (0)
00:00:01.107827   CMOV - Conditional Move instructions                    = 0 (0)
00:00:01.107827   PAT - Page Attribute Table                              = 0 (0)
00:00:01.107828   PSE-36 - 36-bit Page Size Extension                     = 0 (0)
00:00:01.107829   NX - No-Execute/Execute-Disable                         = 1 (1)
00:00:01.107830   AXMMX - AMD Extensions to MMX instructions              = 0 (0)
00:00:01.107831   MMX - Intel MMX Technology                              = 0 (0)
00:00:01.107832   FXSR - FXSAVE and FXRSTOR Instructions                  = 0 (0)
00:00:01.107832   FFXSR - AMD fast FXSAVE and FXRSTOR instructions        = 0 (0)
00:00:01.107833   Page1GB - 1 GB large page                               = 0 (1)
00:00:01.107834   RDTSCP - RDTSCP instruction                             = 1 (1)
00:00:01.107835   LM - AMD64 Long Mode                                    = 1 (1)
00:00:01.107836   3DNOWEXT - AMD Extensions to 3DNow                      = 0 (0)
00:00:01.107837   3DNOW - AMD 3DNow                                       = 0 (0)
00:00:01.107838   LahfSahf - LAHF/SAHF support in 64-bit mode             = 1 (1)
00:00:01.107838   CmpLegacy - Core multi-processing legacy mode           = 0 (0)
00:00:01.107839   SVM - AMD VM extensions                                 = 0 (0)
00:00:01.107840   EXTAPIC - AMD Extended APIC registers                   = 0 (0)
00:00:01.107841   CR8L - AMD LOCK MOV CR0 means MOV CR8                   = 0 (0)
00:00:01.107842   ABM - AMD Advanced Bit Manipulation                     = 1 (1)
00:00:01.107842   SSE4A - SSE4A instructions                              = 0 (0)
00:00:01.107843   MISALIGNSSE - AMD Misaligned SSE mode                   = 0 (0)
00:00:01.107844   3DNOWPRF - AMD PREFETCH and PREFETCHW instructions      = 1 (1)
00:00:01.107845   OSVW - AMD OS Visible Workaround                        = 0 (0)
00:00:01.107846   IBS - Instruct Based Sampling                           = 0 (0)
00:00:01.107846   XOP - Extended Operation support                        = 0 (0)
00:00:01.107847   SKINIT - SKINIT, STGI, and DEV support                  = 0 (0)
00:00:01.107848   WDT - AMD Watchdog Timer support                        = 0 (0)
00:00:01.107849   LWP - Lightweight Profiling support                     = 0 (0)
00:00:01.107850   FMA4 - Four operand FMA instruction support             = 0 (0)
00:00:01.107850   NodeId - NodeId in MSR C001_100C                        = 0 (0)
00:00:01.107851   TBM - Trailing Bit Manipulation instructions            = 0 (0)
00:00:01.107852   TOPOEXT - Topology Extensions                           = 0 (0)
00:00:01.107853 Full Name:                       "Intel(R) Core(TM) i5-7200U CPU @ 2.50GHz"
00:00:01.107854 TLB 2/4M Instr/Uni:              res0     0 entries
00:00:01.107854 TLB 2/4M Data:                   res0     0 entries
00:00:01.107855 TLB 4K Instr/Uni:                res0     0 entries
00:00:01.107855 TLB 4K Data:                     res0     0 entries
00:00:01.107856 L1 Instr Cache Line Size:        0 bytes
00:00:01.107856 L1 Instr Cache Lines Per Tag:    0
00:00:01.107857 L1 Instr Cache Associativity:    res0  
00:00:01.107857 L1 Instr Cache Size:             0 KB
00:00:01.107857 L1 Data Cache Line Size:         0 bytes
00:00:01.107858 L1 Data Cache Lines Per Tag:     0
00:00:01.107858 L1 Data Cache Associativity:     res0  
00:00:01.107859 L1 Data Cache Size:              0 KB
00:00:01.107859 L2 TLB 2/4M Instr/Uni:           off       0 entries
00:00:01.107860 L2 TLB 2/4M Data:                off       0 entries
00:00:01.107860 L2 TLB 4K Instr/Uni:             off       0 entries
00:00:01.107861 L2 TLB 4K Data:                  off       0 entries
00:00:01.107861 L2 Cache Line Size:              0 bytes
00:00:01.107861 L2 Cache Lines Per Tag:          0
00:00:01.107862 L2 Cache Associativity:          off   
00:00:01.107862 L2 Cache Size:                   0 KB
00:00:01.107863 APM Features:                    TscInvariant
00:00:01.107863 Host Invariant-TSC support:      true 
00:00:01.107864 Physical Address Width:          39 bits
00:00:01.107865 Virtual Address Width:           48 bits
00:00:01.107865 Guest Physical Address Width:    0 bits
00:00:01.107865 Physical Core Count:             1
00:00:01.107867 
00:00:01.107867 ******************** End of CPUID dump **********************
00:00:01.110003 VMEmt: Halt method global1 (5)
00:00:01.110024 VMEmt: HaltedGlobal1 config: cNsSpinBlockThresholdCfg=2000
00:00:01.110031 Changing the VM state from 'CREATING' to 'CREATED'
00:00:01.111446 Changing the VM state from 'CREATED' to 'POWERING_ON'
00:00:01.111469 AIOMgr: Endpoints without assigned bandwidth groups:
00:00:01.111477 AIOMgr:     /home/oliver/Documents/Git Reps/Comp-Sci-Course/ECAD/ECAD-Labs.vmdk
00:00:01.111483 AIOMgr:     /home/oliver/.config/VirtualBox/VBoxGuestAdditions_5.0.40.iso
00:00:01.111584 Changing the VM state from 'POWERING_ON' to 'RUNNING'
00:00:01.111596 Console: Machine state changed to 'Running'
00:00:01.116818 VMMDev: Guest Log: BIOS: VirtualBox 5.0.40
00:00:01.118318 PIT: mode=2 count=0x10000 (65536) - 18.20 Hz (ch=0)
00:00:01.263325 GUI: UIMachineViewNormal::resendSizeHint: Restoring guest size-hint for screen 0 to 800x818
00:00:01.263896 VMMDev: SetVideoModeHint: Got a video mode hint (800x818x0)@(0x0),(1;0) at 0
00:00:01.268690 GUI: 2D video acceleration is disabled
00:00:01.268777 GUI: HID LEDs sync is not supported on this platform
00:00:01.268962 GUI: UIMachineLogicNormal::sltCheckForRequestedVisualStateType: Requested-state=0, Machine-state=5
00:00:01.330682 VUSB: Attached '00007f4addd0a8b0[proxy 09fb:6810]' to port 1
00:00:01.330838 Display::handleDisplayResize: uScreenId=0 pvVRAM=0000000000000000 w=720 h=400 bpp=0 cbLine=0x0 flags=0x0
00:00:01.331008 GUI: UIFrameBufferPrivate::NotifyChange: Screen=0, Origin=0x0, Size=720x400, Sending to async-handler
00:00:01.331173 GUI: UIMachineView::sltHandleNotifyChange: Screen=0, Size=720x400
00:00:01.331237 GUI: UIFrameBufferPrivate::handleNotifyChange: Size=720x400
00:00:01.331279 GUI: UIFrameBufferPrivate::performResize: Size=720x400, Directly using source bitmap content
00:00:01.388138 AHCI#0: Reset the HBA
00:00:01.388463 AHCI#0: Port 0 reset
00:00:01.389183 AHCI#0: Port 1 reset
00:00:01.391415 VMMDev: Guest Log: BIOS: AHCI 1-P#1: PCHS=16383/16/63 LCHS=1024/255/63 0x0000000003200000 sectors
00:00:01.391769 PIT: mode=2 count=0x48d3 (18643) - 64.00 Hz (ch=0)
00:00:01.409527 Display::handleDisplayResize: uScreenId=0 pvVRAM=00007f4abce00000 w=640 h=480 bpp=32 cbLine=0xA00 flags=0x0
00:00:01.410718 GUI: UIFrameBufferPrivate::NotifyChange: Screen=0, Origin=0x0, Size=640x480, Sending to async-handler
00:00:01.412736 GUI: UIMachineView::sltHandleNotifyChange: Screen=0, Size=640x480
00:00:01.412792 GUI: UIFrameBufferPrivate::handleNotifyChange: Size=640x480
00:00:01.412840 GUI: UIFrameBufferPrivate::performResize: Size=640x480, Directly using source bitmap content
00:00:03.882221 Display::handleDisplayResize: uScreenId=0 pvVRAM=0000000000000000 w=720 h=400 bpp=0 cbLine=0x0 flags=0x0
00:00:03.882336 GUI: UIFrameBufferPrivate::NotifyChange: Screen=0, Origin=0x0, Size=720x400, Sending to async-handler
00:00:03.882473 GUI: UIMachineView::sltHandleNotifyChange: Screen=0, Size=720x400
00:00:03.882505 GUI: UIFrameBufferPrivate::handleNotifyChange: Size=720x400
00:00:03.882533 GUI: UIFrameBufferPrivate::performResize: Size=720x400, Directly using source bitmap content
00:00:03.889684 PIT: mode=2 count=0x10000 (65536) - 18.20 Hz (ch=0)
00:00:03.889954 VMMDev: Guest Log: BIOS: Boot : bseqnr=1, bootseq=0231
00:00:03.890119 VMMDev: Guest Log: BIOS: Boot from Floppy 0 failed
00:00:03.890294 VMMDev: Guest Log: BIOS: Boot : bseqnr=2, bootseq=0023
00:00:03.891305 VMMDev: Guest Log: BIOS: CDROM boot failure code : 0004
00:00:03.891534 VMMDev: Guest Log: BIOS: Boot from CD-ROM failed
00:00:03.891786 VMMDev: Guest Log: BIOS: Boot : bseqnr=3, bootseq=0002
00:00:03.892266 VMMDev: Guest Log: BIOS: Booting from Hard Disk...
00:00:04.068022 Display::handleDisplayResize: uScreenId=0 pvVRAM=00007f4abce00000 w=640 h=480 bpp=32 cbLine=0xA00 flags=0x0
00:00:04.068134 GUI: UIFrameBufferPrivate::NotifyChange: Screen=0, Origin=0x0, Size=640x480, Sending to async-handler
00:00:04.068200 GUI: UIMachineView::sltHandleNotifyChange: Screen=0, Size=640x480
00:00:04.068217 GUI: UIFrameBufferPrivate::handleNotifyChange: Size=640x480
00:00:04.068232 GUI: UIFrameBufferPrivate::performResize: Size=640x480, Directly using source bitmap content
00:00:04.508085 Display::handleDisplayResize: uScreenId=0 pvVRAM=0000000000000000 w=720 h=400 bpp=0 cbLine=0x0 flags=0x0
00:00:04.508179 GUI: UIFrameBufferPrivate::NotifyChange: Screen=0, Origin=0x0, Size=720x400, Sending to async-handler
00:00:04.508281 GUI: UIMachineView::sltHandleNotifyChange: Screen=0, Size=720x400
00:00:04.508301 GUI: UIFrameBufferPrivate::handleNotifyChange: Size=720x400
00:00:04.508315 GUI: UIFrameBufferPrivate::performResize: Size=720x400, Directly using source bitmap content
00:00:04.638939 GIM: KVM: VCPU  0: Enabled system-time struct. at 0x000000019d855000 - u32TscScale=0xbcca6201 i8TscShift=-1 uVersion=2 fFlags=0x1 uTsc=0x239f45fb3 uVirtNanoTS=0xd2311c45
00:00:04.638989 TM: Switching TSC mode from 'Dynamic' to 'RealTscOffset'
00:00:04.709689 GIM: KVM: Enabled wall-clock struct. at 0x000000004d024e88 - u32Sec=1509458797 u32Nano=455418779 uVersion=2
00:00:04.729701 PIT: mode=2 count=0x12a5 (4773) - 249.98 Hz (ch=0)
00:00:04.866005 PIT: mode=0 count=0x10000 (65536) - 18.20 Hz (ch=0)
00:00:05.019284 OHCI: Software reset
00:00:05.543027 IEM: rdmsr(0x64e) -> #GP(0)
00:00:05.543100 IEM: rdmsr(0x34) -> #GP(0)
00:00:05.550198 PIIX3 ATA: Ctl#0: RESET, DevSel=0 AIOIf=0 CmdIf0=0x00 (-1 usec ago) CmdIf1=0x00 (-1 usec ago)
00:00:05.550276 PIIX3 ATA: Ctl#0: finished processing RESET
00:00:05.550833 EHCI: Hardware reset
00:00:05.550997 EHCI: USB Operational
00:00:05.551157 PIIX3 ATA: Ctl#1: RESET, DevSel=0 AIOIf=0 CmdIf0=0x00 (-1 usec ago) CmdIf1=0x00 (-1 usec ago)
00:00:05.551205 PIIX3 ATA: Ctl#1: finished processing RESET
00:00:05.567813 OHCI: USB Reset
00:00:05.627640 OHCI: Software reset
00:00:05.628233 OHCI: USB Operational
00:00:05.772121 VUSB: 00007f4addd0a8b0[proxy 09fb:6810]: reset request is ignored, the device is already resetting!
00:00:05.901652 EHCI: root hub reset completed with VINF_SUCCESS
00:00:06.156819 AHCI#0: Reset the HBA
00:00:06.160404 AHCI#0: Port 0 reset
00:00:06.418699 OHCI#0: Lagging too far behind, not trying to catch up anymore. Expect glitches with USB devices
00:00:06.475527 AHCI#0: Port 1 reset
00:00:09.723031 VMMDev: Guest Additions information report: Version 5.1.16 r113841 '5.1.16_Ubuntu'
00:00:09.723097 VMMDev: Guest Additions information report: Interface = 0x00010004 osType = 0x00053100 (Linux >= 2.6, 64-bit)
00:00:09.723391 VMMDev: Guest Additions capability report: (0x0 -> 0x0) seamless: no, hostWindowMapping: no, graphics: no
00:00:09.723423 GUI: UISession::sltAdditionsChange: GA state change event came, notifying listeners.
00:00:09.723439 GUI: UIMachineLogicNormal::sltCheckForRequestedVisualStateType: Requested-state=0, Machine-state=5
00:00:09.723467 GUI: UISession::sltAdditionsChange: GA state change event came, notifying listeners.
00:00:09.723475 GUI: UIMachineLogicNormal::sltCheckForRequestedVisualStateType: Requested-state=0, Machine-state=5
00:00:09.723576 VMMDev: Guest reported fixed hypervisor window at 000c1c00000 LB 0x2400000 (rc=VINF_SUCCESS)
00:00:09.723596 VMMDev: vmmDevReqHandler_HeartbeatConfigure: No change (fHeartbeatActive=false).
00:00:09.723611 VMMDev: Heartbeat flatline timer set to trigger after 4 000 000 000 ns
00:00:09.723641 VMMDev: Guest Log: vgdrvHeartbeatInit: Setting up heartbeat to trigger every 2000 milliseconds
00:00:09.723687 GUI: UISession::sltAdditionsChange: GA state really changed, notifying listeners.
00:00:09.723699 GUI: UIMachineViewNormal::adjustGuestScreenSize: Adjust guest-screen size if necessary.
00:00:09.723708 GUI: UISession::sltAdditionsChange: GA state change event came, notifying listeners.
00:00:09.723714 GUI: UIMachineLogicNormal::sltCheckForRequestedVisualStateType: Requested-state=0, Machine-state=5
00:00:09.723867 VMMDev: Guest Log: vboxguest: misc device minor 55, IRQ 20, I/O port d020, MMIO at 00000000f0400000 (size 0x400000)
00:00:09.781417 VBVA: InfoScreen: [0] @0,0 800x600, line 0xc80, BPP 32, flags 0x1
00:00:09.781465 Display::handleDisplayResize: uScreenId=0 pvVRAM=00007f4abce00000 w=800 h=600 bpp=32 cbLine=0xC80 flags=0x1
00:00:09.781502 GUI: UIFrameBufferPrivate::NotifyChange: Screen=0, Origin=0x0, Size=800x600, Sending to async-handler
00:00:09.781566 GUI: UIMachineView::sltHandleNotifyChange: Screen=0, Size=800x600
00:00:09.781583 GUI: UIFrameBufferPrivate::handleNotifyChange: Size=800x600
00:00:09.781597 GUI: UIFrameBufferPrivate::performResize: Size=800x600, Directly using source bitmap content
00:00:10.157229 IEM: rdmsr(0x60d) -> #GP(0)
00:00:10.157292 IEM: rdmsr(0x3f8) -> #GP(0)
00:00:10.157342 IEM: rdmsr(0x3f9) -> #GP(0)
00:00:10.157357 IEM: rdmsr(0x3fa) -> #GP(0)
00:00:10.157370 IEM: rdmsr(0x630) -> #GP(0)
00:00:10.157391 IEM: rdmsr(0x631) -> #GP(0)
00:00:10.157404 IEM: rdmsr(0x632) -> #GP(0)
00:00:10.161564 IEM: rdmsr(0x611) -> #GP(0)
00:00:10.385371 Display::handleDisplayResize: uScreenId=0 pvVRAM=00007f4abce00000 w=800 h=600 bpp=32 cbLine=0xC80 flags=0x0
00:00:10.385511 GUI: UIFrameBufferPrivate::NotifyChange: Screen=0, Origin=0x0, Size=800x600, Sending to async-handler
00:00:10.385587 GUI: UIMachineView::sltHandleNotifyChange: Screen=0, Size=800x600
00:00:10.385605 GUI: UIFrameBufferPrivate::handleNotifyChange: Size=800x600
00:00:10.385622 GUI: UIFrameBufferPrivate::performResize: Size=800x600, Directly using source bitmap content
00:00:10.403682 AC97: Reset
00:00:10.403946 AC97: Reset
00:00:11.071466 NAT: IPv6 not supported
00:00:11.112239 NAT: resolv.conf: nameserver 127.0.1.1
00:00:11.112275 NAT: DNS server 127.0.1.1 registration detected, switching to the DNS proxy
00:00:11.112283 NAT: Adding domain name sel.cam.ac.uk
00:00:11.112290 NAT: DNS#0: 127.0.1.1
00:00:11.112299 NAT: DHCP offered IP address 10.0.2.15
00:00:11.113054 NAT: DHCP offered IP address 10.0.2.15
00:00:11.155060 NAT: Link up
00:00:11.306430 GUI: UISession::sltAdditionsChange: GA state really changed, notifying listeners.
00:00:11.306477 GUI: UIMachineViewNormal::adjustGuestScreenSize: Adjust guest-screen size if necessary.
00:00:11.306489 GUI: UISession::sltAdditionsChange: GA state change event came, notifying listeners.
00:00:11.306497 GUI: UIMachineLogicNormal::sltCheckForRequestedVisualStateType: Requested-state=0, Machine-state=5
00:00:11.511284 VBVA: InfoScreen: [0] @0,0 800x818, line 0xc80, BPP 32, flags 0x1
00:00:11.511343 Display::handleDisplayResize: uScreenId=0 pvVRAM=00007f4abce00000 w=800 h=818 bpp=32 cbLine=0xC80 flags=0x1
00:00:11.511378 GUI: UIFrameBufferPrivate::NotifyChange: Screen=0, Origin=0x0, Size=800x818, Sending to async-handler
00:00:11.511435 GUI: UIMachineView::sltHandleNotifyChange: Screen=0, Size=800x818
00:00:11.511450 GUI: UIFrameBufferPrivate::handleNotifyChange: Size=800x818
00:00:11.511463 GUI: UIFrameBufferPrivate::performResize: Size=800x818, Directly using source bitmap content
00:00:11.511754 GUI: UIMachineView::storeGuestSizeHint: Storing guest-screen size-hint for screen 0 as 800x818
00:00:11.518087 Display::handleDisplayResize: uScreenId=0 pvVRAM=00007f4abce00000 w=800 h=818 bpp=32 cbLine=0xC80 flags=0x0
00:00:11.518155 GUI: UIFrameBufferPrivate::NotifyChange: Screen=0, Origin=0x0, Size=800x818, Sending to async-handler
00:00:11.530778 GUI: UIMachineView::sltHandleNotifyChange: Screen=0, Size=800x818
00:00:11.530814 GUI: UIFrameBufferPrivate::handleNotifyChange: Size=800x818
00:00:11.530843 GUI: UIFrameBufferPrivate::performResize: Size=800x818, Directly using source bitmap content
00:00:11.530901 GUI: UIMachineView::storeGuestSizeHint: Storing guest-screen size-hint for screen 0 as 800x818
00:00:11.728587 VMMDev: Guest Additions capability report: (0x0 -> 0x0) seamless: no, hostWindowMapping: no, graphics: no
00:00:11.729012 GUI: UISession::sltAdditionsChange: GA state change event came, notifying listeners.
00:00:11.729075 GUI: UIMachineLogicNormal::sltCheckForRequestedVisualStateType: Requested-state=0, Machine-state=5
00:00:11.824720 VMMDev: Guest Log: VBoxService 5.0.40 r115130 (verbosity: 0) linux.amd64 (Apr 28 2017 20:57:31) release log
00:00:11.824767 VMMDev: Guest Log: 00:00:00.000080 main     Log opened 2017-10-31T14:06:42.649500000Z
00:00:11.824804 VMMDev: Guest Log: 00:00:00.000184 main     OS Product: Linux
00:00:11.824824 VMMDev: Guest Log: 00:00:00.000206 main     OS Release: 4.10.0-37-generic
00:00:11.824857 VMMDev: Guest Log: 00:00:00.000239 main     OS Version: #41~16.04.1-Ubuntu SMP Fri Oct 6 22:42:59 UTC 2017
00:00:11.824877 VMMDev: Guest Log: 00:00:00.000258 main     Executable: /opt/VBoxGuestAdditions-5.0.40/sbin/VBoxService
00:00:11.824885 VMMDev: Guest Log: 00:00:00.000259 main     Process ID: 862
00:00:11.824892 VMMDev: Guest Log: 00:00:00.000259 main     Package type: LINUX_64BITS_GENERIC
00:00:11.825570 VMMDev: Guest Log: 00:00:00.000904 main     5.0.40 r115130 started. Verbose level = 0
00:00:11.827958 GUI: UISession::sltAdditionsChange: GA state change event came, notifying listeners.
00:00:11.827984 GUI: UIMachineLogicNormal::sltCheckForRequestedVisualStateType: Requested-state=0, Machine-state=5
00:00:11.830127 GUI: UISession::sltAdditionsChange: GA state really changed, notifying listeners.
00:00:11.830221 GUI: UIMachineViewNormal::adjustGuestScreenSize: Adjust guest-screen size if necessary.
00:00:11.830236 GUI: UIMachineView::sltPerformGuestResize: Sending guest size-hint to screen 0 as 800x800
00:00:11.830266 VMMDev: SetVideoModeHint: Got a video mode hint (800x800x32)@(0x0),(1;0) at 0
00:00:11.830298 GUI: UISession::sltAdditionsChange: GA state change event came, notifying listeners.
00:00:11.830308 GUI: UIMachineLogicNormal::sltCheckForRequestedVisualStateType: Requested-state=0, Machine-state=5
00:00:12.048679 Starting host clipboard service
00:00:12.048752 Shared clipboard: Initializing X11 clipboard backend
00:00:12.052543 Shared clipboard: Starting shared clipboard thread
00:00:12.065971 VMMDev: Guest Additions capability report: (0x0 -> 0x1) seamless: yes, hostWindowMapping: no, graphics: no
00:00:12.066179 GUI: UISession::sltAdditionsChange: GA state really changed, notifying listeners.
00:00:12.066225 GUI: UIMachineViewNormal::adjustGuestScreenSize: Adjust guest-screen size if necessary.
00:00:12.066245 GUI: UIMachineView::sltPerformGuestResize: Sending guest size-hint to screen 0 as 800x800
00:00:12.066288 VMMDev: SetVideoModeHint: Got a video mode hint (800x800x32)@(0x0),(1;0) at 0
00:00:12.066308 GUI: UISession::sltAdditionsChange: GA state change event came, notifying listeners.
00:00:12.066322 GUI: UIMachineLogicNormal::sltCheckForRequestedVisualStateType: Requested-state=0, Machine-state=5
00:00:12.088586 VBVA: InfoScreen: [0] @0,0 800x818, line 0xc80, BPP 0, flags 0x5
00:00:12.088632 Display::handleDisplayResize: uScreenId=0 pvVRAM=00007f4abce00000 w=800 h=818 bpp=0 cbLine=0xC80 flags=0x5
00:00:12.088666 GUI: UIFrameBufferPrivate::NotifyChange: Screen=0, Origin=0x0, Size=800x818, Sending to async-handler
00:00:12.088731 GUI: UIMachineView::sltHandleNotifyChange: Screen=0, Size=800x818
00:00:12.088752 GUI: UIFrameBufferPrivate::handleNotifyChange: Size=800x818
00:00:12.088770 GUI: UIFrameBufferPrivate::performResize: Size=800x818, Using fallback buffer since no source bitmap is provided
00:00:12.089313 GUI: UIMachineView::storeGuestSizeHint: Storing guest-screen size-hint for screen 0 as 800x818
00:00:12.092035 VBVA: InfoScreen: [0] @0,0 800x800, line 0xc80, BPP 0, flags 0x5
00:00:12.092081 Display::handleDisplayResize: uScreenId=0 pvVRAM=00007f4abce00000 w=800 h=800 bpp=0 cbLine=0xC80 flags=0x5
00:00:12.096663 GUI: UIFrameBufferPrivate::NotifyChange: Screen=0, Origin=0x0, Size=800x800, Sending to async-handler
00:00:12.096732 GUI: UIMachineView::sltHandleNotifyChange: Screen=0, Size=800x800
00:00:12.096750 GUI: UIFrameBufferPrivate::handleNotifyChange: Size=800x800
00:00:12.096758 GUI: UIFrameBufferPrivate::performResize: Size=800x800, Using fallback buffer since no source bitmap is provided
00:00:12.097018 GUI: UIMachineView::storeGuestSizeHint: Storing guest-screen size-hint for screen 0 as 800x800
00:00:12.098615 VBVA: InfoScreen: [0] @0,0 800x800, line 0xc80, BPP 32, flags 0x1
00:00:12.098688 Display::handleDisplayResize: uScreenId=0 pvVRAM=00007f4abce00000 w=800 h=800 bpp=32 cbLine=0xC80 flags=0x1
00:00:12.098740 GUI: UIFrameBufferPrivate::NotifyChange: Screen=0, Origin=0x0, Size=800x800, Sending to async-handler
00:00:12.154772 GUI: UIMachineView::sltHandleNotifyChange: Screen=0, Size=800x800
00:00:12.154876 GUI: UIFrameBufferPrivate::handleNotifyChange: Size=800x800
00:00:12.154905 GUI: UIFrameBufferPrivate::performResize: Size=800x800, Directly using source bitmap content
00:00:12.155064 GUI: UIMachineView::storeGuestSizeHint: Storing guest-screen size-hint for screen 0 as 800x800
00:00:12.168648 GUI: UIMediumEnumerator: Machine (or snapshot) event received, ID = 7afb9663-15ad-4725-80b3-248a228cff45
00:00:12.168726 GUI: UIMediumEnumerator:  Old usage: 871c41fa-371f-4aaf-ab94-fb2b40eb7457, f1a4e7ac-a61a-4ff7-8db4-00bdce4972d5
00:00:12.173526 GUI: UIMediumEnumerator:  New usage: f1a4e7ac-a61a-4ff7-8db4-00bdce4972d5, 871c41fa-371f-4aaf-ab94-fb2b40eb7457
00:00:12.173586 GUI: UIMediumEnumerator:  Items currently in usage: f1a4e7ac-a61a-4ff7-8db4-00bdce4972d5, 871c41fa-371f-4aaf-ab94-fb2b40eb7457
00:00:12.174353 GUI: UIMediumEnumerator: Machine (or snapshot) event processed, ID = 7afb9663-15ad-4725-80b3-248a228cff45
00:00:12.186273 GUI: UIMediumEnumerator: Medium-enumeration finished!
00:00:14.705602 GUI: UIMachineView::sltPerformGuestResize: Sending guest size-hint to screen 0 as 800x818
00:00:14.705665 VMMDev: SetVideoModeHint: Got a video mode hint (800x818x32)@(0x0),(1;0) at 0
00:00:16.722281 VBVA: InfoScreen: [0] @0,0 800x800, line 0xc80, BPP 32, flags 0x1
00:00:16.722386 Display::handleDisplayResize: uScreenId=0 pvVRAM=00007f4abce00000 w=800 h=800 bpp=32 cbLine=0xC80 flags=0x1
00:00:16.722477 GUI: UIFrameBufferPrivate::NotifyChange: Screen=0, Origin=0x0, Size=800x800, Sending to async-handler
00:00:16.722595 GUI: UIMachineView::sltHandleNotifyChange: Screen=0, Size=800x800
00:00:16.722666 GUI: UIFrameBufferPrivate::handleNotifyChange: Size=800x800
00:00:16.722717 GUI: UIFrameBufferPrivate::performResize: Size=800x800, Directly using source bitmap content
00:00:16.722941 GUI: UIMachineView::storeGuestSizeHint: Storing guest-screen size-hint for screen 0 as 800x800
00:00:16.736888 VBVA: InfoScreen: [0] @0,0 800x818, line 0xc80, BPP 32, flags 0x1
00:00:16.736973 Display::handleDisplayResize: uScreenId=0 pvVRAM=00007f4abce00000 w=800 h=818 bpp=32 cbLine=0xC80 flags=0x1
00:00:16.740999 GUI: UIFrameBufferPrivate::NotifyChange: Screen=0, Origin=0x0, Size=800x818, Sending to async-handler
00:00:16.741256 GUI: UIMachineView::sltHandleNotifyChange: Screen=0, Size=800x818
00:00:16.741300 GUI: UIFrameBufferPrivate::handleNotifyChange: Size=800x818
00:00:16.741350 GUI: UIFrameBufferPrivate::performResize: Size=800x818, Directly using source bitmap content
00:00:16.741711 GUI: UIMachineView::storeGuestSizeHint: Storing guest-screen size-hint for screen 0 as 800x818
00:00:16.796378 GUI: UIMediumEnumerator: Machine (or snapshot) event received, ID = 7afb9663-15ad-4725-80b3-248a228cff45
00:00:16.796434 GUI: UIMediumEnumerator:  Old usage: 871c41fa-371f-4aaf-ab94-fb2b40eb7457, f1a4e7ac-a61a-4ff7-8db4-00bdce4972d5
00:00:16.797913 GUI: UIMediumEnumerator:  New usage: f1a4e7ac-a61a-4ff7-8db4-00bdce4972d5, 871c41fa-371f-4aaf-ab94-fb2b40eb7457
00:00:16.797976 GUI: UIMediumEnumerator:  Items currently in usage: f1a4e7ac-a61a-4ff7-8db4-00bdce4972d5, 871c41fa-371f-4aaf-ab94-fb2b40eb7457
00:00:16.799158 GUI: UIMediumEnumerator: Machine (or snapshot) event processed, ID = 7afb9663-15ad-4725-80b3-248a228cff45
00:00:16.816361 GUI: UIMediumEnumerator: Medium-enumeration finished!
00:00:17.074805 GUI: UIMachineView::sltPerformGuestResize: Sending guest size-hint to screen 0 as 800x818
00:00:17.074964 VMMDev: SetVideoModeHint: Got a video mode hint (800x818x32)@(0x0),(1;0) at 0
00:14:14.229626 VBVA: InfoScreen: [0] @0,0 800x818, line 0xc80, BPP 0, flags 0x5
00:14:14.229752 Display::handleDisplayResize: uScreenId=0 pvVRAM=00007f4abce00000 w=800 h=818 bpp=0 cbLine=0xC80 flags=0x5
00:14:14.229834 GUI: UIFrameBufferPrivate::NotifyChange: Screen=0, Origin=0x0, Size=800x818, Sending to async-handler
00:14:14.229951 GUI: UIMachineView::sltHandleNotifyChange: Screen=0, Size=800x818
00:14:14.230017 GUI: UIFrameBufferPrivate::handleNotifyChange: Size=800x818
00:14:14.230097 VBVA: InfoScreen: [0] @0,0 800x818, line 0xc80, BPP 0, flags 0x5
00:14:14.230154 GUI: UIFrameBufferPrivate::performResize: Size=800x818, Using fallback buffer since no source bitmap is provided
00:14:14.230207 Display::handleDisplayResize: uScreenId=0 pvVRAM=00007f4abce00000 w=800 h=818 bpp=0 cbLine=0xC80 flags=0x5
00:14:14.230272 GUI: UIFrameBufferPrivate::NotifyChange: Screen=0, Origin=0x0, Size=800x818, Sending to async-handler
00:14:14.230669 GUI: UIMachineView::storeGuestSizeHint: Storing guest-screen size-hint for screen 0 as 800x818
00:14:14.236938 GUI: UIMachineView::sltHandleNotifyChange: Screen=0, Size=800x818
00:14:14.237013 GUI: UIFrameBufferPrivate::handleNotifyChange: Size=800x818
00:14:14.237043 GUI: UIFrameBufferPrivate::performResize: Size=800x818, Using fallback buffer since no source bitmap is provided
00:14:14.237576 GUI: UIMachineView::storeGuestSizeHint: Storing guest-screen size-hint for screen 0 as 800x818
00:14:15.901883 VBVA: InfoScreen: [0] @0,0 800x818, line 0xc80, BPP 32, flags 0x1
00:14:15.902009 Display::handleDisplayResize: uScreenId=0 pvVRAM=00007f4abce00000 w=800 h=818 bpp=32 cbLine=0xC80 flags=0x1
00:14:15.902118 GUI: UIFrameBufferPrivate::NotifyChange: Screen=0, Origin=0x0, Size=800x818, Sending to async-handler
00:14:15.902284 GUI: UIMachineView::sltHandleNotifyChange: Screen=0, Size=800x818
00:14:15.902354 GUI: UIFrameBufferPrivate::handleNotifyChange: Size=800x818
00:14:15.902392 GUI: UIFrameBufferPrivate::performResize: Size=800x818, Directly using source bitmap content
00:14:15.902635 GUI: UIMachineView::storeGuestSizeHint: Storing guest-screen size-hint for screen 0 as 800x818
00:27:50.476212 VUSB: Detached '00007f4addd0a8b0[proxy 09fb:6810]' from port 1
00:27:50.621886 EHCI: USB Suspended
00:27:51.079841 VUSB: Attached '00007f4addd0a530[proxy 09fb:6810]' to port 1
00:27:51.080985 EHCI: USB Operational
00:35:35.855403 VUSB: Detached '00007f4addd0a530[proxy 09fb:6810]' from port 1
00:35:36.008300 EHCI: USB Suspended
00:35:36.486614 VUSB: Attached '00007f4addd0c590[proxy 09fb:6810]' to port 1
00:35:36.487602 EHCI: USB Operational
00:36:47.571671 VUSB: Detached '00007f4addd0c590[proxy 09fb:6810]' from port 1
00:36:47.722447 EHCI: USB Suspended
00:36:49.568569 VUSB: Attached '00007f4addd0a530[proxy 09fb:6010]' to port 1
00:36:49.569677 EHCI: USB Operational
00:42:30.700017 VBVA: InfoScreen: [0] @0,0 800x818, line 0xc80, BPP 0, flags 0x5
00:42:30.700146 Display::handleDisplayResize: uScreenId=0 pvVRAM=00007f4abce00000 w=800 h=818 bpp=0 cbLine=0xC80 flags=0x5
00:42:30.700236 GUI: UIFrameBufferPrivate::NotifyChange: Screen=0, Origin=0x0, Size=800x818, Sending to async-handler
00:42:30.700459 GUI: UIMachineView::sltHandleNotifyChange: Screen=0, Size=800x818
00:42:30.700523 GUI: UIFrameBufferPrivate::handleNotifyChange: Size=800x818
00:42:30.700572 GUI: UIFrameBufferPrivate::performResize: Size=800x818, Using fallback buffer since no source bitmap is provided
00:42:30.700629 VBVA: InfoScreen: [0] @0,0 800x818, line 0xc80, BPP 0, flags 0x5
00:42:30.700755 Display::handleDisplayResize: uScreenId=0 pvVRAM=00007f4abce00000 w=800 h=818 bpp=0 cbLine=0xC80 flags=0x5
00:42:30.700830 GUI: UIFrameBufferPrivate::NotifyChange: Screen=0, Origin=0x0, Size=800x818, Sending to async-handler
00:42:30.701165 GUI: UIMachineView::storeGuestSizeHint: Storing guest-screen size-hint for screen 0 as 800x818
00:42:30.708924 GUI: UIMachineView::sltHandleNotifyChange: Screen=0, Size=800x818
00:42:30.709010 GUI: UIFrameBufferPrivate::handleNotifyChange: Size=800x818
00:42:30.709040 GUI: UIFrameBufferPrivate::performResize: Size=800x818, Using fallback buffer since no source bitmap is provided
00:42:30.709559 GUI: UIMachineView::storeGuestSizeHint: Storing guest-screen size-hint for screen 0 as 800x818
00:42:32.245157 VBVA: InfoScreen: [0] @0,0 800x818, line 0xc80, BPP 32, flags 0x1
00:42:32.245256 Display::handleDisplayResize: uScreenId=0 pvVRAM=00007f4abce00000 w=800 h=818 bpp=32 cbLine=0xC80 flags=0x1
00:42:32.245351 GUI: UIFrameBufferPrivate::NotifyChange: Screen=0, Origin=0x0, Size=800x818, Sending to async-handler
00:42:32.246208 GUI: UIMachineView::sltHandleNotifyChange: Screen=0, Size=800x818
00:42:32.246282 GUI: UIFrameBufferPrivate::handleNotifyChange: Size=800x818
00:42:32.246323 GUI: UIFrameBufferPrivate::performResize: Size=800x818, Directly using source bitmap content
00:42:32.246571 GUI: UIMachineView::storeGuestSizeHint: Storing guest-screen size-hint for screen 0 as 800x818
00:47:32.757776 VBVA: InfoScreen: [0] @0,0 800x818, line 0xc80, BPP 0, flags 0x5
00:47:32.757918 Display::handleDisplayResize: uScreenId=0 pvVRAM=00007f4abce00000 w=800 h=818 bpp=0 cbLine=0xC80 flags=0x5
00:47:32.758027 GUI: UIFrameBufferPrivate::NotifyChange: Screen=0, Origin=0x0, Size=800x818, Sending to async-handler
00:47:32.758215 GUI: UIMachineView::sltHandleNotifyChange: Screen=0, Size=800x818
00:47:32.758288 GUI: UIFrameBufferPrivate::handleNotifyChange: Size=800x818
00:47:32.758340 VBVA: InfoScreen: [0] @0,0 800x818, line 0xc80, BPP 0, flags 0x5
00:47:32.758413 Display::handleDisplayResize: uScreenId=0 pvVRAM=00007f4abce00000 w=800 h=818 bpp=0 cbLine=0xC80 flags=0x5
00:47:32.758469 GUI: UIFrameBufferPrivate::performResize: Size=800x818, Using fallback buffer since no source bitmap is provided
00:47:32.758551 GUI: UIFrameBufferPrivate::NotifyChange: Screen=0, Origin=0x0, Size=800x818, Sending to async-handler
00:47:32.759049 GUI: UIMachineView::storeGuestSizeHint: Storing guest-screen size-hint for screen 0 as 800x818
00:47:32.766556 GUI: UIMachineView::sltHandleNotifyChange: Screen=0, Size=800x818
00:47:32.766631 GUI: UIFrameBufferPrivate::handleNotifyChange: Size=800x818
00:47:32.766662 GUI: UIFrameBufferPrivate::performResize: Size=800x818, Using fallback buffer since no source bitmap is provided
00:47:32.767122 GUI: UIMachineView::storeGuestSizeHint: Storing guest-screen size-hint for screen 0 as 800x818
00:47:34.238774 VBVA: InfoScreen: [0] @0,0 800x818, line 0xc80, BPP 32, flags 0x1
00:47:34.238891 Display::handleDisplayResize: uScreenId=0 pvVRAM=00007f4abce00000 w=800 h=818 bpp=32 cbLine=0xC80 flags=0x1
00:47:34.239010 GUI: UIFrameBufferPrivate::NotifyChange: Screen=0, Origin=0x0, Size=800x818, Sending to async-handler
00:47:34.239126 GUI: UIMachineView::sltHandleNotifyChange: Screen=0, Size=800x818
00:47:34.239166 GUI: UIFrameBufferPrivate::handleNotifyChange: Size=800x818
00:47:34.239232 GUI: UIFrameBufferPrivate::performResize: Size=800x818, Directly using source bitmap content
00:47:34.239644 GUI: UIMachineView::storeGuestSizeHint: Storing guest-screen size-hint for screen 0 as 800x818
01:18:56.121924 VUSB: Detached '00007f4addd0a530[proxy 09fb:6010]' from port 1
01:18:56.270306 EHCI: USB Suspended
01:18:56.816064 VUSB: Attached '00007f4addd0c210[proxy 09fb:6010]' to port 1
01:18:56.817317 EHCI: USB Operational
01:18:59.080389 VUSB: Detached '00007f4addd0c210[proxy 09fb:6010]' from port 1
01:18:59.230040 EHCI: USB Suspended
01:18:59.965118 VUSB: Attached '00007f4addd0ca90[proxy 09fb:6010]' to port 1
01:18:59.966956 EHCI: USB Operational
01:24:44.803811 VUSB: Detached '00007f4addd0ca90[proxy 09fb:6010]' from port 1
01:24:44.949485 EHCI: USB Suspended
01:24:45.492368 VUSB: Attached '00007f4addd0c210[proxy 09fb:6010]' to port 1
01:24:45.494532 EHCI: USB Operational
